#
# A fatal error has been detected by the Java Runtime Environment:
#
#  EXCEPTION_ACCESS_VIOLATION (0xc0000005) at pc=0x0000000012d608af, pid=6432, tid=10800
#
# JRE version: Java(TM) SE Runtime Environment (7.0_45-b18) (build 1.7.0_45-b18)
# Java VM: Java HotSpot(TM) 64-Bit Server VM (24.45-b08 mixed mode windows-amd64 compressed oops)
# Problematic frame:
# C  [atio6axx.dll+0xaf08af]
#
# Failed to write core dump. Minidumps are not enabled by default on client versions of Windows
#
# If you would like to submit a bug report, please visit:
#   http://bugreport.sun.com/bugreport/crash.jsp
# The crash happened outside the Java Virtual Machine in native code.
# See problematic frame for where to report the bug.
#

---------------  T H R E A D  ---------------

Current thread (0x00000000112b6000):  JavaThread "AWT-EventQueue-0" [_thread_in_native, id=10800, stack(0x0000000012010000,0x0000000012110000)]

siginfo: ExceptionCode=0xc0000005, writing address 0x00000000000001c8

Registers:
RAX=0x0000000000000000, RBX=0x0000000014850d80, RCX=0x000000001482bdc0, RDX=0x0000000000000008
RSP=0x000000001210bf60, RBP=0x0000000000000008, RSI=0x000000001482bdc0, RDI=0x0000000000000000
R8 =0x0000000000000000, R9 =0x0000000000000000, R10=0x000000000278ac9b, R11=0x00000000fafd9bee
R12=0x000000001482be40, R13=0x0000000000000000, R14=0x000000001484fa18, R15=0x0000000000000000
RIP=0x0000000012d608af, EFLAGS=0x0000000000010206

Top of Stack: (sp=0x000000001210bf60)
0x000000001210bf60:   00000000141ac5e0 0000000000000de1
0x000000001210bf70:   0000000000000003 0000000000000000
0x000000001210bf80:   000000001482be40 0000000012da2913
0x000000001210bf90:   000000001210c058 000000001482bdc0
0x000000001210bfa0:   0000000000000de1 00000000ef797f14
0x000000001210bfb0:   0000000000000000 0000000012dbd45f
0x000000001210bfc0:   0000000000000000 00000000026a35c4
0x000000001210bfd0:   00000000112b6000 0000000000000000
0x000000001210bfe0:   000000001482bdc0 0000000000000008
0x000000001210bff0:   00000000026960f8 00000000ef797f14
0x000000001210c000:   0000000000000000 0000000012d662b8
0x000000001210c010:   000000001482bdc0 000000001210c000
0x000000001210c020:   0000000000000000 000000001482bdc0
0x000000001210c030:   000000077c6b0e58 0000000000000000
0x000000001210c040:   0000000000000008 0000000012b5f7cf
0x000000001210c050:   00000000ef797f14 00000000026960f8 

Instructions: (pc=0x0000000012d608af)
0x0000000012d6088f:   83 c8 00 00 00 75 0d c6 84 24 b8 00 00 00 01 83
0x0000000012d6089f:   fd 03 74 08 44 88 bc 24 b8 00 00 00 48 8b 43 48
0x0000000012d608af:   48 89 87 c8 01 00 00 48 8b 83 c0 00 00 00 48 39
0x0000000012d608bf:   83 c8 00 00 00 74 0c 48 8b 8b 10 09 00 00 e8 4e 


Register to memory mapping:

RAX=0x0000000000000000 is an unknown value
RBX=0x0000000014850d80 is an unknown value
RCX=0x000000001482bdc0 is an unknown value
RDX=0x0000000000000008 is an unknown value
RSP=0x000000001210bf60 is pointing into the stack for thread: 0x00000000112b6000
RBP=0x0000000000000008 is an unknown value
RSI=0x000000001482bdc0 is an unknown value
RDI=0x0000000000000000 is an unknown value
R8 =0x0000000000000000 is an unknown value
R9 =0x0000000000000000 is an unknown value
R10=0x000000000278ac9b is at entry_point+59 in (nmethod*)0x000000000278aad0
R11=0x00000000fafd9bee is an unknown value
R12=0x000000001482be40 is an unknown value
R13=0x0000000000000000 is an unknown value
R14=0x000000001484fa18 is an unknown value
R15=0x0000000000000000 is an unknown value


Stack: [0x0000000012010000,0x0000000012110000],  sp=0x000000001210bf60,  free space=1007k
Native frames: (J=compiled Java code, j=interpreted, Vv=VM code, C=native code)
C  [atio6axx.dll+0xaf08af]

[error occurred during error reporting (printing native stack), id 0xc0000005]

Java frames: (J=compiled Java code, j=interpreted, Vv=VM code)
J  jogamp.opengl.gl4.GL4bcImpl.dispatch_glBegin1(IJ)V
J  jogamp.opengl.gl4.GL4bcImpl.glBegin(I)V
j  RobotRace$RaceTrack.TrackConstructor([[Lrobotrace/Vector;[ILjava/lang/Double;II)V+314
j  RobotRace$RaceTrack.draw(I)V+361
j  RobotRace.drawScene()V+102
j  robotrace.Base$GLEventDelegate.display(Ljavax/media/opengl/GLAutoDrawable;)V+80
j  jogamp.opengl.GLDrawableHelper.displayImpl(Ljavax/media/opengl/GLAutoDrawable;)V+81
j  jogamp.opengl.GLDrawableHelper.display(Ljavax/media/opengl/GLAutoDrawable;)V+2
j  javax.media.opengl.awt.GLJPanel$Updater.display(Ljavax/media/opengl/GLAutoDrawable;)V+200
j  javax.media.opengl.awt.GLJPanel$9.run()V+11
j  jogamp.opengl.GLDrawableHelper.invokeGLImpl(Ljavax/media/opengl/GLDrawable;Ljavax/media/opengl/GLContext;Ljava/lang/Runnable;Ljava/lang/Runnable;)V+203
j  jogamp.opengl.GLDrawableHelper.invokeGL(Ljavax/media/opengl/GLDrawable;Ljavax/media/opengl/GLContext;Ljava/lang/Runnable;Ljava/lang/Runnable;)V+72
j  javax.media.opengl.awt.GLJPanel$OffscreenBackend.doPaintComponent(Ljava/awt/Graphics;)V+29
j  javax.media.opengl.awt.GLJPanel.paintComponent(Ljava/awt/Graphics;)V+215
j  javax.swing.JComponent.paint(Ljava/awt/Graphics;)V+286
j  javax.swing.JComponent.paintChildren(Ljava/awt/Graphics;)V+501
j  javax.swing.JComponent.paint(Ljava/awt/Graphics;)V+318
j  javax.swing.JComponent.paintChildren(Ljava/awt/Graphics;)V+501
j  javax.swing.JComponent.paint(Ljava/awt/Graphics;)V+318
j  javax.swing.JLayeredPane.paint(Ljava/awt/Graphics;)V+73
j  javax.swing.JComponent.paintChildren(Ljava/awt/Graphics;)V+501
j  javax.swing.JComponent.paint(Ljava/awt/Graphics;)V+318
j  javax.swing.JComponent.paintToOffscreen(Ljava/awt/Graphics;IIIIII)V+41
j  javax.swing.RepaintManager$PaintManager.paintDoubleBuffered(Ljavax/swing/JComponent;Ljava/awt/Image;Ljava/awt/Graphics;IIII)V+163
j  javax.swing.RepaintManager$PaintManager.paint(Ljavax/swing/JComponent;Ljavax/swing/JComponent;Ljava/awt/Graphics;IIII)Z+116
j  javax.swing.RepaintManager.paint(Ljavax/swing/JComponent;Ljavax/swing/JComponent;Ljava/awt/Graphics;IIII)V+52
j  javax.swing.JComponent._paintImmediately(IIII)V+683
j  javax.swing.JComponent.paintImmediately(IIII)V+138
j  javax.swing.RepaintManager$3.run()Ljava/lang/Void;+75
j  javax.swing.RepaintManager$3.run()Ljava/lang/Object;+1
v  ~StubRoutines::call_stub
j  java.security.AccessController.doPrivileged(Ljava/security/PrivilegedAction;Ljava/security/AccessControlContext;)Ljava/lang/Object;+0
j  java.security.ProtectionDomain$1.doIntersectionPrivilege(Ljava/security/PrivilegedAction;Ljava/security/AccessControlContext;Ljava/security/AccessControlContext;)Ljava/lang/Object;+28
j  javax.swing.RepaintManager.paintDirtyRegions(Ljava/util/Map;)V+154
j  javax.swing.RepaintManager.paintDirtyRegions()V+46
j  javax.swing.RepaintManager.prePaintDirtyRegions()V+73
j  javax.swing.RepaintManager.access$1100(Ljavax/swing/RepaintManager;)V+1
j  javax.swing.RepaintManager$ProcessingRunnable.run()V+37
j  java.awt.event.InvocationEvent.dispatch()V+47
j  java.awt.EventQueue.dispatchEventImpl(Ljava/awt/AWTEvent;Ljava/lang/Object;)V+21
j  java.awt.EventQueue.access$200(Ljava/awt/EventQueue;Ljava/awt/AWTEvent;Ljava/lang/Object;)V+3
j  java.awt.EventQueue$3.run()Ljava/lang/Void;+12
j  java.awt.EventQueue$3.run()Ljava/lang/Object;+1
v  ~StubRoutines::call_stub
j  java.security.AccessController.doPrivileged(Ljava/security/PrivilegedAction;Ljava/security/AccessControlContext;)Ljava/lang/Object;+0
j  java.security.ProtectionDomain$1.doIntersectionPrivilege(Ljava/security/PrivilegedAction;Ljava/security/AccessControlContext;Ljava/security/AccessControlContext;)Ljava/lang/Object;+28
j  java.awt.EventQueue.dispatchEvent(Ljava/awt/AWTEvent;)V+46
j  java.awt.EventDispatchThread.pumpOneEventForFilters(I)V+245
j  java.awt.EventDispatchThread.pumpEventsForFilter(ILjava/awt/Conditional;Ljava/awt/EventFilter;)V+35
j  java.awt.EventDispatchThread.pumpEventsForHierarchy(ILjava/awt/Conditional;Ljava/awt/Component;)V+11
j  java.awt.EventDispatchThread.pumpEvents(ILjava/awt/Conditional;)V+4
j  java.awt.EventDispatchThread.pumpEvents(Ljava/awt/Conditional;)V+3
j  java.awt.EventDispatchThread.run()V+9
v  ~StubRoutines::call_stub

---------------  P R O C E S S  ---------------

Java Threads: ( => current thread )
  0x000000001bacb800 JavaThread "TimerQueue" daemon [_thread_blocked, id=5832, stack(0x00000000150a0000,0x00000000151a0000)]
  0x00000000116b3000 JavaThread "D3D Screen Updater" daemon [_thread_blocked, id=9984, stack(0x00000000160f0000,0x00000000161f0000)]
  0x000000000227f800 JavaThread "DestroyJavaVM" [_thread_blocked, id=9456, stack(0x0000000002590000,0x0000000002690000)]
  0x00000000116a2000 JavaThread "main-FPSAWTAnimator#00-Timer0" [_thread_blocked, id=9660, stack(0x0000000014580000,0x0000000014680000)]
=>0x00000000112b6000 JavaThread "AWT-EventQueue-0" [_thread_in_native, id=10800, stack(0x0000000012010000,0x0000000012110000)]
  0x00000000112b3800 JavaThread "AWT-Shutdown" [_thread_blocked, id=6364, stack(0x000000000e170000,0x000000000e270000)]
  0x000000001145f800 JavaThread "main-SharedResourceRunner" daemon [_thread_blocked, id=9916, stack(0x000000000e890000,0x000000000e990000)]
  0x000000000c3a8800 JavaThread "AWT-Windows" daemon [_thread_in_native, id=9224, stack(0x000000000e2f0000,0x000000000e3f0000)]
  0x000000000c3a5000 JavaThread "Java2D Disposer" daemon [_thread_blocked, id=7948, stack(0x000000000d170000,0x000000000d270000)]
  0x000000000b2df000 JavaThread "Service Thread" daemon [_thread_blocked, id=10892, stack(0x000000000d720000,0x000000000d820000)]
  0x000000000b2dd000 JavaThread "C2 CompilerThread1" daemon [_thread_blocked, id=11144, stack(0x000000000dda0000,0x000000000dea0000)]
  0x000000000b2d6800 JavaThread "C2 CompilerThread0" daemon [_thread_blocked, id=2888, stack(0x000000000dc40000,0x000000000dd40000)]
  0x000000000b2d6000 JavaThread "Attach Listener" daemon [_thread_blocked, id=8956, stack(0x000000000d9d0000,0x000000000dad0000)]
  0x000000000b2d5000 JavaThread "Signal Dispatcher" daemon [_thread_blocked, id=7928, stack(0x000000000d820000,0x000000000d920000)]
  0x000000000b2c6800 JavaThread "Finalizer" daemon [_thread_blocked, id=8348, stack(0x000000000d5c0000,0x000000000d6c0000)]
  0x000000000222a000 JavaThread "Reference Handler" daemon [_thread_blocked, id=1820, stack(0x000000000d400000,0x000000000d500000)]

Other Threads:
  0x000000000b2bb800 VMThread [stack: 0x000000000d270000,0x000000000d370000] [id=11116]
  0x000000000c288000 WatcherThread [stack: 0x000000000df70000,0x000000000e070000] [id=10908]

VM state:not at safepoint (normal execution)

VM Mutex/Monitor currently owned by a thread: None

Heap
 PSYoungGen      total 38400K, used 8215K [0x00000007d5900000, 0x00000007d8380000, 0x0000000800000000)
  eden space 33280K, 9% used [0x00000007d5900000,0x00000007d5c0c790,0x00000007d7980000)
  from space 5120K, 99% used [0x00000007d7e80000,0x00000007d8379750,0x00000007d8380000)
  to   space 5120K, 0% used [0x00000007d7980000,0x00000007d7980000,0x00000007d7e80000)
 ParOldGen       total 86528K, used 9364K [0x0000000780c00000, 0x0000000786080000, 0x00000007d5900000)
  object space 86528K, 10% used [0x0000000780c00000,0x0000000781525378,0x0000000786080000)
 PSPermGen       total 21504K, used 19318K [0x000000077ba00000, 0x000000077cf00000, 0x0000000780c00000)
  object space 21504K, 89% used [0x000000077ba00000,0x000000077ccdd888,0x000000077cf00000)

Card table byte_map: [0x0000000005690000,0x0000000005ac0000] byte_map_base: 0x0000000001ab3000

Polling page: 0x0000000000130000

Code Cache  [0x0000000002690000, 0x0000000002900000, 0x0000000005690000)
 total_blobs=1088 nmethods=213 adapters=827 free_code_cache=47887Kb largest_free_block=49007232

Compilation events (10 events):
Event: 11.230 Thread 0x000000000b2d6800 nmethod 208 0x00000000027cf050 code [0x00000000027cf1a0, 0x00000000027cf298]
Event: 11.237 Thread 0x000000000b2dd000  209             java.lang.Number::<init> (5 bytes)
Event: 11.237 Thread 0x000000000b2dd000 nmethod 209 0x00000000027a8ed0 code [0x00000000027a9000, 0x00000000027a9058]
Event: 11.240 Thread 0x000000000b2d6800  210             java.lang.Double::valueOf (9 bytes)
Event: 11.240 Thread 0x000000000b2dd000  211             java.lang.Double::<init> (10 bytes)
Event: 11.240 Thread 0x000000000b2dd000 nmethod 211 0x00000000027a8550 code [0x00000000027a8680, 0x00000000027a86d8]
Event: 11.240 Thread 0x000000000b2d6800 nmethod 210 0x00000000027a82d0 code [0x00000000027a8420, 0x00000000027a84b8]
Event: 11.257 Thread 0x000000000b2dd000  212             robotrace.Vector::length (33 bytes)
Event: 11.257 Thread 0x000000000b2dd000 nmethod 212 0x00000000027a80d0 code [0x00000000027a8200, 0x00000000027a8278]
Event: 11.263 Thread 0x000000000b2d6800  213             RobotRace$RaceTrack::straight (26 bytes)

GC Heap History (4 events):
Event: 2.138 GC heap before
{Heap before GC invocations=1 (full 0):
 PSYoungGen      total 38400K, used 33280K [0x00000007d5900000, 0x00000007d8380000, 0x0000000800000000)
  eden space 33280K, 100% used [0x00000007d5900000,0x00000007d7980000,0x00000007d7980000)
  from space 5120K, 0% used [0x00000007d7e80000,0x00000007d7e80000,0x00000007d8380000)
  to   space 5120K, 0% used [0x00000007d7980000,0x00000007d7980000,0x00000007d7e80000)
 ParOldGen       total 86528K, used 0K [0x0000000780c00000, 0x0000000786080000, 0x00000007d5900000)
  object space 86528K, 0% used [0x0000000780c00000,0x0000000780c00000,0x0000000786080000)
 PSPermGen       total 21504K, used 14694K [0x000000077ba00000, 0x000000077cf00000, 0x0000000780c00000)
  object space 21504K, 68% used [0x000000077ba00000,0x000000077c859bb0,0x000000077cf00000)
Event: 2.153 GC heap after
Heap after GC invocations=1 (full 0):
 PSYoungGen      total 38400K, used 5003K [0x00000007d5900000, 0x00000007d8380000, 0x0000000800000000)
  eden space 33280K, 0% used [0x00000007d5900000,0x00000007d5900000,0x00000007d7980000)
  from space 5120K, 97% used [0x00000007d7980000,0x00000007d7e62ce0,0x00000007d7e80000)
  to   space 5120K, 0% used [0x00000007d7e80000,0x00000007d7e80000,0x00000007d8380000)
 ParOldGen       total 86528K, used 0K [0x0000000780c00000, 0x0000000786080000, 0x00000007d5900000)
  object space 86528K, 0% used [0x0000000780c00000,0x0000000780c00000,0x0000000786080000)
 PSPermGen       total 21504K, used 14694K [0x000000077ba00000, 0x000000077cf00000, 0x0000000780c00000)
  object space 21504K, 68% used [0x000000077ba00000,0x000000077c859bb0,0x000000077cf00000)
}
Event: 11.242 GC heap before
{Heap before GC invocations=2 (full 0):
 PSYoungGen      total 38400K, used 38283K [0x00000007d5900000, 0x00000007d8380000, 0x0000000800000000)
  eden space 33280K, 100% used [0x00000007d5900000,0x00000007d7980000,0x00000007d7980000)
  from space 5120K, 97% used [0x00000007d7980000,0x00000007d7e62ce0,0x00000007d7e80000)
  to   space 5120K, 0% used [0x00000007d7e80000,0x00000007d7e80000,0x00000007d8380000)
 ParOldGen       total 86528K, used 0K [0x0000000780c00000, 0x0000000786080000, 0x00000007d5900000)
  object space 86528K, 0% used [0x0000000780c00000,0x0000000780c00000,0x0000000786080000)
 PSPermGen       total 21504K, used 19316K [0x000000077ba00000, 0x000000077cf00000, 0x0000000780c00000)
  object space 21504K, 89% used [0x000000077ba00000,0x000000077ccdd248,0x000000077cf00000)
Event: 11.251 GC heap after
Heap after GC invocations=2 (full 0):
 PSYoungGen      total 38400K, used 5093K [0x00000007d5900000, 0x00000007d8380000, 0x0000000800000000)
  eden space 33280K, 0% used [0x00000007d5900000,0x00000007d5900000,0x00000007d7980000)
  from space 5120K, 99% used [0x00000007d7e80000,0x00000007d8379750,0x00000007d8380000)
  to   space 5120K, 0% used [0x00000007d7980000,0x00000007d7980000,0x00000007d7e80000)
 ParOldGen       total 86528K, used 9364K [0x0000000780c00000, 0x0000000786080000, 0x00000007d5900000)
  object space 86528K, 10% used [0x0000000780c00000,0x0000000781525378,0x0000000786080000)
 PSPermGen       total 21504K, used 19316K [0x000000077ba00000, 0x000000077cf00000, 0x0000000780c00000)
  object space 21504K, 89% used [0x000000077ba00000,0x000000077ccdd248,0x000000077cf00000)
}

Deoptimization events (9 events):
Event: 1.884 Thread 0x000000001145f800 Uncommon trap: reason=unreached action=reinterpret pc=0x000000000274a504 method=java.lang.Class.searchFields([Ljava/lang/reflect/Field;Ljava/lang/String;)Ljava/lang/reflect/Field; @ 23
Event: 5.626 Thread 0x00000000116b3000 Uncommon trap: reason=predicate action=maybe_recompile pc=0x00000000027ae310 method=java.util.Arrays.fill([Ljava/lang/Object;Ljava/lang/Object;)V @ 10
Event: 7.342 Thread 0x00000000116b3000 Uncommon trap: reason=array_check action=maybe_recompile pc=0x00000000027ac1f4 method=java.util.Arrays.fill([Ljava/lang/Object;Ljava/lang/Object;)V @ 13
Event: 7.344 Thread 0x00000000112b6000 Uncommon trap: reason=array_check action=maybe_recompile pc=0x00000000027ac1f4 method=java.util.Arrays.fill([Ljava/lang/Object;Ljava/lang/Object;)V @ 13
Event: 7.346 Thread 0x00000000112b6000 Uncommon trap: reason=array_check action=maybe_recompile pc=0x00000000027ac1f4 method=java.util.Arrays.fill([Ljava/lang/Object;Ljava/lang/Object;)V @ 13
Event: 7.348 Thread 0x00000000112b6000 Uncommon trap: reason=array_check action=maybe_recompile pc=0x00000000027ac1f4 method=java.util.Arrays.fill([Ljava/lang/Object;Ljava/lang/Object;)V @ 13
Event: 10.755 Thread 0x00000000112b6000 Uncommon trap: reason=class_check action=maybe_recompile pc=0x000000000270793c method=java.lang.String.equals(Ljava/lang/Object;)Z @ 8
Event: 10.755 Thread 0x00000000112b6000 Uncommon trap: reason=class_check action=maybe_recompile pc=0x000000000270793c method=java.lang.String.equals(Ljava/lang/Object;)Z @ 8
Event: 10.755 Thread 0x00000000112b6000 Uncommon trap: reason=class_check action=maybe_recompile pc=0x000000000270793c method=java.lang.String.equals(Ljava/lang/Object;)Z @ 8

Internal exceptions (10 events):
Event: 2.769 Thread 0x00000000112b6000 Threw 0x00000007d62474d0 at C:\re\jdk7u45\229\hotspot\src\share\vm\prims\jvm.cpp:1244
Event: 2.770 Thread 0x00000000112b6000 Threw 0x00000007d624c450 at C:\re\jdk7u45\229\hotspot\src\share\vm\prims\jvm.cpp:1244
Event: 2.771 Thread 0x00000000112b6000 Threw 0x00000007d624ef88 at C:\re\jdk7u45\229\hotspot\src\share\vm\prims\jni.cpp:717
Event: 2.787 Thread 0x00000000112b6000 Threw 0x00000007d6364db8 at C:\re\jdk7u45\229\hotspot\src\share\vm\prims\jni.cpp:717
Event: 2.796 Thread 0x00000000112b6000 Threw 0x00000007d6478f88 at C:\re\jdk7u45\229\hotspot\src\share\vm\prims\jni.cpp:717
Event: 2.828 Thread 0x00000000112b6000 Threw 0x00000007d68923d0 at C:\re\jdk7u45\229\hotspot\src\share\vm\prims\jvm.cpp:1244
Event: 2.842 Thread 0x00000000112b6000 Threw 0x00000007d689e070 at C:\re\jdk7u45\229\hotspot\src\share\vm\prims\jvm.cpp:1244
Event: 2.857 Thread 0x00000000112b6000 Threw 0x00000007d68cb168 at C:\re\jdk7u45\229\hotspot\src\share\vm\prims\jvm.cpp:1244
Event: 2.859 Thread 0x00000000112b6000 Threw 0x00000007d68cf128 at C:\re\jdk7u45\229\hotspot\src\share\vm\prims\jvm.cpp:1244
Event: 2.860 Thread 0x00000000112b6000 Threw 0x00000007d68d31a8 at C:\re\jdk7u45\229\hotspot\src\share\vm\prims\jvm.cpp:1244

Events (10 events):
Event: 10.889 loading class 0x00000000116d3a90 done
Event: 10.889 loading class 0x000000001184f910 done
Event: 11.128 loading class 0x000000000c311e20
Event: 11.128 loading class 0x000000000c311e20 done
Event: 11.216 loading class 0x000000000c527770
Event: 11.216 loading class 0x000000000c527770 done
Event: 11.218 loading class 0x000000001184e250
Event: 11.218 loading class 0x000000001184e250 done
Event: 11.242 Executing VM operation: ParallelGCFailedAllocation
Event: 11.251 Executing VM operation: ParallelGCFailedAllocation done


Dynamic libraries:
0x000000013fb70000 - 0x000000013fba3000 	C:\Program Files\Java\jdk1.7.0_45\jre\bin\java.exe
0x0000000076f70000 - 0x0000000077119000 	C:\Windows\SYSTEM32\ntdll.dll
0x0000000076e50000 - 0x0000000076f6f000 	C:\Windows\system32\kernel32.dll
0x000007fefd670000 - 0x000007fefd6dc000 	C:\Windows\system32\KERNELBASE.dll
0x0000000074750000 - 0x00000000747e6000 	C:\Windows\System32\SYSFER.DLL
0x000007fefeae0000 - 0x000007fefebbb000 	C:\Windows\system32\ADVAPI32.dll
0x000007fefd930000 - 0x000007fefd9cf000 	C:\Windows\system32\msvcrt.dll
0x000007fefdd30000 - 0x000007fefdd4f000 	C:\Windows\SYSTEM32\sechost.dll
0x000007fefd9d0000 - 0x000007fefdafd000 	C:\Windows\system32\RPCRT4.dll
0x0000000076870000 - 0x000000007696a000 	C:\Windows\system32\USER32.dll
0x000007fefebc0000 - 0x000007fefec27000 	C:\Windows\system32\GDI32.dll
0x000007fefd840000 - 0x000007fefd84e000 	C:\Windows\system32\LPK.dll
0x000007fefdbc0000 - 0x000007fefdc89000 	C:\Windows\system32\USP10.dll
0x000007fefb990000 - 0x000007fefbb84000 	C:\Windows\WinSxS\amd64_microsoft.windows.common-controls_6595b64144ccf1df_6.0.7601.17514_none_fa396087175ac9ac\COMCTL32.dll
0x000007fefef20000 - 0x000007fefef91000 	C:\Windows\system32\SHLWAPI.dll
0x000007fefdb00000 - 0x000007fefdb2e000 	C:\Windows\system32\IMM32.DLL
0x000007fefec30000 - 0x000007fefed39000 	C:\Windows\system32\MSCTF.dll
0x0000000054a70000 - 0x0000000054b42000 	C:\Program Files\Java\jdk1.7.0_45\jre\bin\msvcr100.dll
0x000000006e5b0000 - 0x000000006ed79000 	C:\Program Files\Java\jdk1.7.0_45\jre\bin\server\jvm.dll
0x000007fefa5a0000 - 0x000007fefa5a9000 	C:\Windows\system32\WSOCK32.dll
0x000007feff000000 - 0x000007feff04d000 	C:\Windows\system32\WS2_32.dll
0x000007fefdbb0000 - 0x000007fefdbb8000 	C:\Windows\system32\NSI.dll
0x000007fefbb90000 - 0x000007fefbbcb000 	C:\Windows\system32\WINMM.dll
0x0000000077140000 - 0x0000000077147000 	C:\Windows\system32\PSAPI.DLL
0x0000000074620000 - 0x000000007462f000 	C:\Program Files\Java\jdk1.7.0_45\jre\bin\verify.dll
0x000000005a0c0000 - 0x000000005a0e8000 	C:\Program Files\Java\jdk1.7.0_45\jre\bin\java.dll
0x0000000062b80000 - 0x0000000062b95000 	C:\Program Files\Java\jdk1.7.0_45\jre\bin\zip.dll
0x00000000548d0000 - 0x0000000054a65000 	C:\Program Files\Java\jdk1.7.0_45\jre\bin\awt.dll
0x000007fefd850000 - 0x000007fefd927000 	C:\Windows\system32\OLEAUT32.dll
0x000007feff070000 - 0x000007feff273000 	C:\Windows\system32\ole32.dll
0x000007fefb8e0000 - 0x000007fefb936000 	C:\Windows\system32\uxtheme.dll
0x0000000180000000 - 0x0000000180028000 	C:\Program Files\COMODO\Unite\SystemMenuHook.dll
0x000007fefb500000 - 0x000007fefb518000 	C:\Windows\system32\dwmapi.dll
0x000007fefd300000 - 0x000007fefd30f000 	C:\Windows\system32\CRYPTBASE.dll
0x000007fefdd50000 - 0x000007fefead8000 	C:\Windows\system32\SHELL32.dll
0x0000000059c70000 - 0x0000000059cb6000 	C:\Program Files\Java\jdk1.7.0_45\jre\bin\fontmanager.dll
0x000007fee65b0000 - 0x000007fee67af000 	C:\Windows\system32\d3d9.dll
0x000007fefc520000 - 0x000007fefc52c000 	C:\Windows\system32\VERSION.dll
0x000007feed200000 - 0x000007feed207000 	C:\Windows\system32\d3d8thk.dll
0x0000000067a80000 - 0x0000000067b34000 	C:\Windows\system32\aticfx64.dll
0x000007feeace0000 - 0x000007feeaced000 	C:\Windows\system32\atiu9p64.dll
0x0000000050200000 - 0x000000005071a000 	C:\Windows\system32\atiumd64.dll
0x0000000050910000 - 0x0000000050c3c000 	C:\Windows\system32\atiumd6a.dll
0x000007fefcca0000 - 0x000007fefccb8000 	C:\Windows\system32\CRYPTSP.dll
0x000007fefc9a0000 - 0x000007fefc9e7000 	C:\Windows\system32\rsaenh.dll
0x000007fefc710000 - 0x000007fefc72e000 	C:\Windows\system32\USERENV.dll
0x000007fefd3d0000 - 0x000007fefd3df000 	C:\Windows\system32\profapi.dll
0x0000000064d40000 - 0x0000000064d59000 	C:\Program Files\Java\jdk1.7.0_45\jre\bin\net.dll
0x000007fefcc40000 - 0x000007fefcc95000 	C:\Windows\system32\mswsock.dll
0x000007fefcc30000 - 0x000007fefcc37000 	C:\Windows\System32\wship6.dll
0x000007fefaad0000 - 0x000007fefaae5000 	C:\Windows\system32\NLAapi.dll
0x000007fef0c60000 - 0x000007fef0c75000 	C:\Windows\system32\napinsp.dll
0x000007fef0c40000 - 0x000007fef0c59000 	C:\Windows\system32\pnrpnsp.dll
0x000007fefcac0000 - 0x000007fefcb1b000 	C:\Windows\system32\DNSAPI.dll
0x000007fef1220000 - 0x000007fef122b000 	C:\Windows\System32\winrnr.dll
0x0000000016080000 - 0x00000000160ae000 	C:\Program Files\Agilent\IO Libraries Suite\LxiMdnsNsp.dll
0x000007fefa520000 - 0x000007fefa547000 	C:\Windows\system32\Iphlpapi.DLL
0x000007fefa510000 - 0x000007fefa51b000 	C:\Windows\system32\WINNSI.DLL
0x0000000063560000 - 0x0000000063569000 	C:\Program Files\National Instruments\Shared\mDNS Responder\nimdnsNSP.dll
0x0000000063550000 - 0x000000006355c000 	C:\Windows\system32\nimdnsResponder.dll
0x000000006f780000 - 0x000000006f823000 	C:\Windows\WinSxS\amd64_microsoft.vc90.crt_1fc8b3b9a1e18e3b_9.0.30729.6161_none_08e61857a83bc251\MSVCR90.dll
0x000007fef0c30000 - 0x000007fef0c40000 	C:\Windows\system32\wshbth.dll
0x000007fefc5f0000 - 0x000007fefc5f7000 	C:\Windows\System32\wshtcpip.dll
0x000007fef1790000 - 0x000007fef1798000 	C:\Windows\system32\rasadhlp.dll
0x000007fefa270000 - 0x000007fefa2c3000 	C:\Windows\System32\fwpuclnt.dll
0x0000000062610000 - 0x0000000062621000 	C:\Program Files\Java\jdk1.7.0_45\jre\bin\nio.dll
0x000007fefd2a0000 - 0x000007fefd2f7000 	C:\Windows\system32\apphelp.dll
0x00000000637c0000 - 0x00000000637cd000 	C:\Users\s125538\AppData\Local\Temp\jogamp_0000\file_cache\jln200394303926339298\jln1456290292595958638\gluegen-rt.dll
0x00000000744b0000 - 0x00000000744b7000 	C:\Program Files\Java\jdk1.7.0_45\jre\bin\jawt.dll
0x000000006a440000 - 0x000000006a44d000 	C:\Users\s125538\AppData\Local\Temp\jogamp_0000\file_cache\jln200394303926339298\jln1456290292595958638\nativewindow_awt.dll
0x000000006c100000 - 0x000000006c10f000 	C:\Users\s125538\AppData\Local\Temp\jogamp_0000\file_cache\jln200394303926339298\jln1456290292595958638\nativewindow_win32.dll
0x000007feea490000 - 0x000007feea5ad000 	C:\Windows\system32\OpenGL32.dll
0x000007fefa820000 - 0x000007fefa84d000 	C:\Windows\system32\GLU32.dll
0x000007fee9970000 - 0x000007fee9a61000 	C:\Windows\system32\DDRAW.dll
0x000007fefa8f0000 - 0x000007fefa8f8000 	C:\Windows\system32\DCIMAN32.dll
0x000007fefed40000 - 0x000007fefef17000 	C:\Windows\system32\SETUPAPI.dll
0x000007fefd630000 - 0x000007fefd666000 	C:\Windows\system32\CFGMGR32.dll
0x000007fefd780000 - 0x000007fefd79a000 	C:\Windows\system32\DEVOBJ.dll
0x0000000064500000 - 0x00000000645a2000 	C:\Users\s125538\AppData\Local\Temp\jogamp_0000\file_cache\jln200394303926339298\jln1456290292595958638\jogl_desktop.dll
0x000007fefa8e0000 - 0x000007fefa8e8000 	C:\Windows\system32\atig6pxx.dll
0x0000000012270000 - 0x0000000013821000 	C:\Windows\system32\atio6axx.dll
0x0000000001f70000 - 0x0000000001fcb000 	C:\Windows\system32\atiadlxx.dll
0x000007fefc500000 - 0x000007fefc511000 	C:\Windows\system32\WTSAPI32.dll
0x000007fefd5f0000 - 0x000007fefd62b000 	C:\Windows\system32\WINTRUST.dll
0x000007fefd480000 - 0x000007fefd5ed000 	C:\Windows\system32\CRYPT32.dll
0x000007fefd470000 - 0x000007fefd47f000 	C:\Windows\system32\MSASN1.dll
0x000007fefa870000 - 0x000007fefa87e000 	C:\Windows\system32\atig6txx.dll
0x0000000059c20000 - 0x0000000059c61000 	C:\Program Files\Java\jdk1.7.0_45\jre\bin\t2k.dll
0x00000000622a0000 - 0x00000000622ca000 	C:\Program Files\Java\jdk1.7.0_45\jre\bin\dcpr.dll
0x000007feef960000 - 0x000007feefa85000 	C:\Windows\system32\dbghelp.dll

VM Arguments:
jvm_args: -Dfile.encoding=UTF-8 
java_command: RobotRace
Launcher Type: SUN_STANDARD

Environment Variables:
PATH=C:\Windows\system32;C:\Windows;C:\Windows\System32\Wbem;C:\Windows\System32\WindowsPowerShell\v1.0\;C:\Program Files (x86)\ATI Technologies\ATI.ACE\Core-Static;C:\Program Files\WIDCOMM\Bluetooth Software\;C:\Program Files\WIDCOMM\Bluetooth Software\syswow64;C:\Program Files (x86)\Common Files\Roxio Shared\DLLShared\;C:\Program Files (x86)\Common Files\Roxio Shared\OEM\DLLShared\;C:\Program Files (x86)\Common Files\Roxio Shared\OEM\DLLShared\;C:\Program Files (x86)\Common Files\Roxio Shared\OEM\12.0\DLLShared\;C:\Program Files (x86)\Roxio\OEM\AudioCore\;C:\Program Files\MATLAB\R2014b\runtime\win64;C:\Program Files\MATLAB\R2014b\bin;C:\Program Files\MATLAB\R2013b\runtime\win64;C:\Program Files\MATLAB\R2013b\bin;C:\Program Files\MATLAB\R2012a\bin;C:\Program Files (x86)\Agilent\IO Libraries Suite\bin;C:\Program Files\Agilent\IO Libraries Suite\bin;C:\Program Files (x86)\IVI Foundation\VISA\WinNT\agvisa;C:\Program Files\IVI Foundation\VISA\Win64\agvisa;C:\Program Files (x86)\IVI Foundation\IVI\bin;C:\Program Files\IVI Foundation\IVI\bin;C:\Program Files (x86)\IVI Foundation\VISA\WinNT\Bin\;C:\Program Files\IVI Foundation\VISA\Win64\Bin\;C:\Program Files\Common Files\Autodesk Shared\;/cygdrive/d/mmips/lcc/lccdir
USERNAME=s125538
OS=Windows_NT
PROCESSOR_IDENTIFIER=Intel64 Family 6 Model 42 Stepping 7, GenuineIntel



---------------  S Y S T E M  ---------------

OS: Windows 7 , 64 bit Build 7601 Service Pack 1

CPU:total 8 (4 cores per cpu, 2 threads per core) family 6 model 42 stepping 7, cmov, cx8, fxsr, mmx, sse, sse2, sse3, ssse3, sse4.1, sse4.2, popcnt, avx, aes, ht, tsc, tscinvbit

Memory: 4k page, physical 8337772k(3521192k free), swap 16673680k(10660864k free)

vm_info: Java HotSpot(TM) 64-Bit Server VM (24.45-b08) for windows-amd64 JRE (1.7.0_45-b18), built on Oct  8 2013 05:47:22 by "java_re" with unknown MS VC++:1600

time: Thu Jan 08 17:45:25 2015
elapsed time: 11 seconds

