#
# A fatal error has been detected by the Java Runtime Environment:
#
#  EXCEPTION_ACCESS_VIOLATION (0xc0000005) at pc=0x0000000012af424b, pid=4716, tid=5656
#
# JRE version: Java(TM) SE Runtime Environment (7.0_45-b18) (build 1.7.0_45-b18)
# Java VM: Java HotSpot(TM) 64-Bit Server VM (24.45-b08 mixed mode windows-amd64 compressed oops)
# Problematic frame:
# C  [atio6axx.dll+0xaf424b]
#
# Failed to write core dump. Minidumps are not enabled by default on client versions of Windows
#
# If you would like to submit a bug report, please visit:
#   http://bugreport.sun.com/bugreport/crash.jsp
# The crash happened outside the Java Virtual Machine in native code.
# See problematic frame for where to report the bug.
#

---------------  T H R E A D  ---------------

Current thread (0x000000001106c000):  JavaThread "AWT-EventQueue-0" [_thread_in_native, id=5656, stack(0x0000000014380000,0x0000000014480000)]

siginfo: ExceptionCode=0xc0000005, reading address 0x0000000000000000

Registers:
RAX=0x0000000000000000, RBX=0x0000000014081340, RCX=0x000000001a0a0040, RDX=0x00000000180b1390
RSP=0x000000001447c630, RBP=0x00000000180b1390, RSI=0x000000001405c380, RDI=0x0000000012000000
R8 =0x0000000000000000, R9 =0x000000002fa25b02, R10=0x0000000000000000, R11=0x0000000000000008
R12=0x00000000140cab80, R13=0x0000000000000001, R14=0x00000000180b12f0, R15=0x0000000000000002
RIP=0x0000000012af424b, EFLAGS=0x0000000000010287

Top of Stack: (sp=0x000000001447c630)
0x000000001447c630:   0000000014081340 000000001447c9b0
0x000000001447c640:   00000000023b60f8 000000001405c380
0x000000001447c650:   7f00000045022549 00000000180b1390
0x000000001447c660:   00000000180b12f0 0000000000000040
0x000000001447c670:   0000000014081b70 00000000140cab80
0x000000001447c680:   000000000e473318 000000001447c770
0x000000001447c690:   0000000000000001 00000000146a85e0
0x000000001447c6a0:   000000001ad60088 000000001ad60040
0x000000001447c6b0:   0000000000000008 00000000140cac58
0x000000001447c6c0:   000000001405c380 0000000014039ec0
0x000000001447c6d0:   000000001405c380 000000001408c848
0x000000001447c6e0:   0000000000000000 0000000000000001
0x000000001447c6f0:   000000001407ffd8 00000000140cab80
0x000000001447c700:   00000000140cab80 0000000012af14f9
0x000000001447c710:   3f80000000000000 0000000000000000
0x000000001447c720:   0000000017d60240 000000001a0a0040 

Instructions: (pc=0x0000000012af424b)
0x0000000012af422b:   48 83 39 00 74 10 48 8b 01 48 89 43 08 48 83 c0
0x0000000012af423b:   20 48 89 03 eb 07 48 c7 03 00 00 00 00 48 8b 03
0x0000000012af424b:   48 8b 08 48 89 8b c0 00 00 00 48 c7 83 b8 00 00
0x0000000012af425b:   00 00 00 00 00 8b 43 10 48 01 03 48 8b 4b 08 48 


Register to memory mapping:

RAX=0x0000000000000000 is an unknown value
RBX=0x0000000014081340 is an unknown value
RCX=0x000000001a0a0040 is an unknown value
RDX=0x00000000180b1390 is an unknown value
RSP=0x000000001447c630 is pointing into the stack for thread: 0x000000001106c000
RBP=0x00000000180b1390 is an unknown value
RSI=0x000000001405c380 is an unknown value
RDI=0x0000000012000000 is an unknown value
R8 =0x0000000000000000 is an unknown value
R9 =0x000000002fa25b02 is an unknown value
R10=0x0000000000000000 is an unknown value
R11=0x0000000000000008 is an unknown value
R12=0x00000000140cab80 is an unknown value
R13=0x0000000000000001 is an unknown value
R14=0x00000000180b12f0 is an unknown value
R15=0x0000000000000002 is an unknown value


Stack: [0x0000000014380000,0x0000000014480000],  sp=0x000000001447c630,  free space=1009k
Native frames: (J=compiled Java code, j=interpreted, Vv=VM code, C=native code)
C  [atio6axx.dll+0xaf424b]

Java frames: (J=compiled Java code, j=interpreted, Vv=VM code)
J  jogamp.opengl.gl4.GL4bcImpl.dispatch_glEnd1(J)V
J  jogamp.opengl.gl4.GL4bcImpl.glEnd()V
j  RobotRace.drawAxisFrame()V+183
j  RobotRace.drawScene()V+88
j  robotrace.Base$GLEventDelegate.display(Ljavax/media/opengl/GLAutoDrawable;)V+80
j  jogamp.opengl.GLDrawableHelper.displayImpl(Ljavax/media/opengl/GLAutoDrawable;)V+81
j  jogamp.opengl.GLDrawableHelper.display(Ljavax/media/opengl/GLAutoDrawable;)V+2
j  javax.media.opengl.awt.GLJPanel$Updater.display(Ljavax/media/opengl/GLAutoDrawable;)V+200
j  javax.media.opengl.awt.GLJPanel$9.run()V+11
j  jogamp.opengl.GLDrawableHelper.invokeGLImpl(Ljavax/media/opengl/GLDrawable;Ljavax/media/opengl/GLContext;Ljava/lang/Runnable;Ljava/lang/Runnable;)V+203
j  jogamp.opengl.GLDrawableHelper.invokeGL(Ljavax/media/opengl/GLDrawable;Ljavax/media/opengl/GLContext;Ljava/lang/Runnable;Ljava/lang/Runnable;)V+72
j  javax.media.opengl.awt.GLJPanel$OffscreenBackend.doPaintComponent(Ljava/awt/Graphics;)V+29
j  javax.media.opengl.awt.GLJPanel.paintComponent(Ljava/awt/Graphics;)V+215
j  javax.swing.JComponent.paint(Ljava/awt/Graphics;)V+286
j  javax.swing.JComponent.paintToOffscreen(Ljava/awt/Graphics;IIIIII)V+41
j  javax.swing.RepaintManager$PaintManager.paintDoubleBuffered(Ljavax/swing/JComponent;Ljava/awt/Image;Ljava/awt/Graphics;IIII)V+163
j  javax.swing.RepaintManager$PaintManager.paint(Ljavax/swing/JComponent;Ljavax/swing/JComponent;Ljava/awt/Graphics;IIII)Z+116
j  javax.swing.RepaintManager.paint(Ljavax/swing/JComponent;Ljavax/swing/JComponent;Ljava/awt/Graphics;IIII)V+52
j  javax.swing.JComponent._paintImmediately(IIII)V+683
j  javax.swing.JComponent.paintImmediately(IIII)V+138
j  javax.swing.RepaintManager$3.run()Ljava/lang/Void;+75
j  javax.swing.RepaintManager$3.run()Ljava/lang/Object;+1
v  ~StubRoutines::call_stub
j  java.security.AccessController.doPrivileged(Ljava/security/PrivilegedAction;Ljava/security/AccessControlContext;)Ljava/lang/Object;+0
j  java.security.ProtectionDomain$1.doIntersectionPrivilege(Ljava/security/PrivilegedAction;Ljava/security/AccessControlContext;Ljava/security/AccessControlContext;)Ljava/lang/Object;+28
j  javax.swing.RepaintManager.paintDirtyRegions(Ljava/util/Map;)V+154
j  javax.swing.RepaintManager.paintDirtyRegions()V+46
j  com.jogamp.opengl.util.AWTAnimatorImpl$1.run()V+374
j  java.awt.event.InvocationEvent.dispatch()V+11
j  java.awt.EventQueue.dispatchEventImpl(Ljava/awt/AWTEvent;Ljava/lang/Object;)V+21
j  java.awt.EventQueue.access$200(Ljava/awt/EventQueue;Ljava/awt/AWTEvent;Ljava/lang/Object;)V+3
j  java.awt.EventQueue$3.run()Ljava/lang/Void;+12
j  java.awt.EventQueue$3.run()Ljava/lang/Object;+1
v  ~StubRoutines::call_stub
j  java.security.AccessController.doPrivileged(Ljava/security/PrivilegedAction;Ljava/security/AccessControlContext;)Ljava/lang/Object;+0
j  java.security.ProtectionDomain$1.doIntersectionPrivilege(Ljava/security/PrivilegedAction;Ljava/security/AccessControlContext;Ljava/security/AccessControlContext;)Ljava/lang/Object;+28
j  java.awt.EventQueue.dispatchEvent(Ljava/awt/AWTEvent;)V+46
j  java.awt.EventDispatchThread.pumpOneEventForFilters(I)V+245
j  java.awt.EventDispatchThread.pumpEventsForFilter(ILjava/awt/Conditional;Ljava/awt/EventFilter;)V+35
j  java.awt.EventDispatchThread.pumpEventsForHierarchy(ILjava/awt/Conditional;Ljava/awt/Component;)V+11
j  java.awt.EventDispatchThread.pumpEvents(ILjava/awt/Conditional;)V+4
j  java.awt.EventDispatchThread.pumpEvents(Ljava/awt/Conditional;)V+3
j  java.awt.EventDispatchThread.run()V+9
v  ~StubRoutines::call_stub

---------------  P R O C E S S  ---------------

Java Threads: ( => current thread )
  0x00000000190f7000 JavaThread "TimerQueue" daemon [_thread_blocked, id=7068, stack(0x000000001c870000,0x000000001c970000)]
  0x0000000011435000 JavaThread "D3D Screen Updater" daemon [_thread_blocked, id=7800, stack(0x0000000015de0000,0x0000000015ee0000)]
  0x00000000021cf800 JavaThread "DestroyJavaVM" [_thread_blocked, id=9720, stack(0x00000000021f0000,0x00000000022f0000)]
  0x0000000011433800 JavaThread "main-FPSAWTAnimator#00-Timer0" [_thread_blocked, id=9340, stack(0x0000000015ce0000,0x0000000015de0000)]
=>0x000000001106c000 JavaThread "AWT-EventQueue-0" [_thread_in_native, id=5656, stack(0x0000000014380000,0x0000000014480000)]
  0x000000001106b800 JavaThread "AWT-Shutdown" [_thread_blocked, id=9336, stack(0x000000000dd50000,0x000000000de50000)]
  0x000000000c2ae000 JavaThread "main-SharedResourceRunner" daemon [_thread_blocked, id=3076, stack(0x000000000e490000,0x000000000e590000)]
  0x000000000c045000 JavaThread "AWT-Windows" daemon [_thread_in_native, id=9660, stack(0x000000000ded0000,0x000000000dfd0000)]
  0x000000000c097000 JavaThread "Java2D Disposer" daemon [_thread_blocked, id=9848, stack(0x000000000dbe0000,0x000000000dce0000)]
  0x000000000bf69000 JavaThread "Service Thread" daemon [_thread_blocked, id=8328, stack(0x000000000d840000,0x000000000d940000)]
  0x000000000aecf000 JavaThread "C2 CompilerThread1" daemon [_thread_blocked, id=7332, stack(0x000000000d650000,0x000000000d750000)]
  0x000000000aec8000 JavaThread "C2 CompilerThread0" daemon [_thread_blocked, id=9892, stack(0x000000000d500000,0x000000000d600000)]
  0x000000000aec7000 JavaThread "Attach Listener" daemon [_thread_blocked, id=1652, stack(0x000000000d0d0000,0x000000000d1d0000)]
  0x000000000aec6800 JavaThread "Signal Dispatcher" daemon [_thread_blocked, id=9824, stack(0x000000000d3e0000,0x000000000d4e0000)]
  0x000000000216a000 JavaThread "Finalizer" daemon [_thread_blocked, id=9972, stack(0x000000000d200000,0x000000000d300000)]
  0x000000000aeaf800 JavaThread "Reference Handler" daemon [_thread_blocked, id=8780, stack(0x000000000cfa0000,0x000000000d0a0000)]

Other Threads:
  0x000000000aeac000 VMThread [stack: 0x000000000cea0000,0x000000000cfa0000] [id=10060]
  0x000000000bf7a000 WatcherThread [stack: 0x000000000dac0000,0x000000000dbc0000] [id=7280]

VM state:not at safepoint (normal execution)

VM Mutex/Monitor currently owned by a thread: None

Heap
 PSYoungGen      total 38400K, used 29352K [0x00000007d5900000, 0x00000007d8380000, 0x0000000800000000)
  eden space 33280K, 73% used [0x00000007d5900000,0x00000007d70c7378,0x00000007d7980000)
  from space 5120K, 97% used [0x00000007d7980000,0x00000007d7e62ce0,0x00000007d7e80000)
  to   space 5120K, 0% used [0x00000007d7e80000,0x00000007d7e80000,0x00000007d8380000)
 ParOldGen       total 86528K, used 0K [0x0000000780c00000, 0x0000000786080000, 0x00000007d5900000)
  object space 86528K, 0% used [0x0000000780c00000,0x0000000780c00000,0x0000000786080000)
 PSPermGen       total 21504K, used 19296K [0x000000077ba00000, 0x000000077cf00000, 0x0000000780c00000)
  object space 21504K, 89% used [0x000000077ba00000,0x000000077ccd82d8,0x000000077cf00000)

Card table byte_map: [0x00000000053b0000,0x00000000057e0000] byte_map_base: 0x00000000017d3000

Polling page: 0x0000000000230000

Code Cache  [0x00000000023b0000, 0x0000000002620000, 0x00000000053b0000)
 total_blobs=1044 nmethods=171 adapters=825 free_code_cache=47918Kb largest_free_block=49017344

Compilation events (10 events):
Event: 4.006 Thread 0x000000000aecf000 nmethod 166 0x00000000024b7f90 code [0x00000000024b80c0, 0x00000000024b8258]
Event: 4.028 Thread 0x000000000aec8000  167   !         javax.media.opengl.glu.GLU::validateGLUquadricImpl (62 bytes)
Event: 4.030 Thread 0x000000000aec8000 nmethod 167 0x00000000024b7910 code [0x00000000024b7a80, 0x00000000024b7e58]
Event: 4.061 Thread 0x000000000aecf000  168             java.lang.ThreadLocal::access$400 (5 bytes)
Event: 4.062 Thread 0x000000000aecf000 nmethod 168 0x00000000024b6d90 code [0x00000000024b6ec0, 0x00000000024b6f18]
Event: 4.084 Thread 0x000000000aec8000  169             java.lang.ThreadLocal$ThreadLocalMap::getEntry (42 bytes)
Event: 4.085 Thread 0x000000000aec8000 nmethod 169 0x00000000024b7550 code [0x00000000024b76a0, 0x00000000024b77c8]
Event: 4.093 Thread 0x000000000aecf000  170             java.lang.String::indexOf (7 bytes)
Event: 4.094 Thread 0x000000000aecf000 nmethod 170 0x00000000024d9090 code [0x00000000024d91e0, 0x00000000024d9368]
Event: 4.100 Thread 0x000000000aec8000  171             sun.nio.cs.UTF_8$Encoder::encodeArrayLoop (489 bytes)

GC Heap History (2 events):
Event: 2.125 GC heap before
{Heap before GC invocations=1 (full 0):
 PSYoungGen      total 38400K, used 33280K [0x00000007d5900000, 0x00000007d8380000, 0x0000000800000000)
  eden space 33280K, 100% used [0x00000007d5900000,0x00000007d7980000,0x00000007d7980000)
  from space 5120K, 0% used [0x00000007d7e80000,0x00000007d7e80000,0x00000007d8380000)
  to   space 5120K, 0% used [0x00000007d7980000,0x00000007d7980000,0x00000007d7e80000)
 ParOldGen       total 86528K, used 0K [0x0000000780c00000, 0x0000000786080000, 0x00000007d5900000)
  object space 86528K, 0% used [0x0000000780c00000,0x0000000780c00000,0x0000000786080000)
 PSPermGen       total 21504K, used 14705K [0x000000077ba00000, 0x000000077cf00000, 0x0000000780c00000)
  object space 21504K, 68% used [0x000000077ba00000,0x000000077c85c5f0,0x000000077cf00000)
Event: 2.139 GC heap after
Heap after GC invocations=1 (full 0):
 PSYoungGen      total 38400K, used 5003K [0x00000007d5900000, 0x00000007d8380000, 0x0000000800000000)
  eden space 33280K, 0% used [0x00000007d5900000,0x00000007d5900000,0x00000007d7980000)
  from space 5120K, 97% used [0x00000007d7980000,0x00000007d7e62ce0,0x00000007d7e80000)
  to   space 5120K, 0% used [0x00000007d7e80000,0x00000007d7e80000,0x00000007d8380000)
 ParOldGen       total 86528K, used 0K [0x0000000780c00000, 0x0000000786080000, 0x00000007d5900000)
  object space 86528K, 0% used [0x0000000780c00000,0x0000000780c00000,0x0000000786080000)
 PSPermGen       total 21504K, used 14705K [0x000000077ba00000, 0x000000077cf00000, 0x0000000780c00000)
  object space 21504K, 68% used [0x000000077ba00000,0x000000077c85c5f0,0x000000077cf00000)
}

Deoptimization events (4 events):
Event: 1.876 Thread 0x000000000c2ae000 Uncommon trap: reason=unreached action=reinterpret pc=0x000000000246a544 method=java.lang.Class.searchFields([Ljava/lang/reflect/Field;Ljava/lang/String;)Ljava/lang/reflect/Field; @ 23
Event: 3.378 Thread 0x000000001106c000 Uncommon trap: reason=class_check action=maybe_recompile pc=0x0000000002427b7c method=java.lang.String.equals(Ljava/lang/Object;)Z @ 8
Event: 3.379 Thread 0x000000001106c000 Uncommon trap: reason=class_check action=maybe_recompile pc=0x0000000002427b7c method=java.lang.String.equals(Ljava/lang/Object;)Z @ 8
Event: 3.379 Thread 0x000000001106c000 Uncommon trap: reason=class_check action=maybe_recompile pc=0x0000000002427b7c method=java.lang.String.equals(Ljava/lang/Object;)Z @ 8

Internal exceptions (10 events):
Event: 2.772 Thread 0x000000001106c000 Threw 0x00000007d6364da0 at C:\re\jdk7u45\229\hotspot\src\share\vm\prims\jni.cpp:717
Event: 2.781 Thread 0x000000001106c000 Threw 0x00000007d6478f70 at C:\re\jdk7u45\229\hotspot\src\share\vm\prims\jni.cpp:717
Event: 2.813 Thread 0x000000001106c000 Threw 0x00000007d68923b8 at C:\re\jdk7u45\229\hotspot\src\share\vm\prims\jvm.cpp:1244
Event: 2.826 Thread 0x000000001106c000 Threw 0x00000007d689e058 at C:\re\jdk7u45\229\hotspot\src\share\vm\prims\jvm.cpp:1244
Event: 2.849 Thread 0x000000001106c000 Threw 0x00000007d68cc938 at C:\re\jdk7u45\229\hotspot\src\share\vm\prims\jvm.cpp:1244
Event: 2.850 Thread 0x000000001106c000 Threw 0x00000007d68d08f8 at C:\re\jdk7u45\229\hotspot\src\share\vm\prims\jvm.cpp:1244
Event: 2.851 Thread 0x000000001106c000 Threw 0x00000007d68d4978 at C:\re\jdk7u45\229\hotspot\src\share\vm\prims\jvm.cpp:1244
Event: 4.102 Thread 0x000000001106c000 Threw 0x00000007d7084700 at C:\re\jdk7u45\229\hotspot\src\share\vm\interpreter\interpreterRuntime.cpp:347
Event: 4.102 Thread 0x000000001106c000 Threw 0x00000007d7084920 at C:\re\jdk7u45\229\hotspot\src\share\vm\prims\jvm.cpp:1248
Event: 4.102 Thread 0x000000001106c000 Threw 0x00000007d7084920 at C:\re\jdk7u45\229\hotspot\src\share\vm\prims\jvm.cpp:1248

Events (10 events):
Event: 4.077 loading class 0x000000000bff56d0
Event: 4.077 loading class 0x000000000bff56d0 done
Event: 4.077 loading class 0x000000000c10e610
Event: 4.077 loading class 0x000000000c10e610 done
Event: 4.079 loading class 0x00000000113a5d90
Event: 4.079 loading class 0x00000000113a5d90 done
Event: 4.102 loading class 0x000000000acdfe10
Event: 4.102 loading class 0x000000000ace0080
Event: 4.102 loading class 0x000000000ace0080 done
Event: 4.102 loading class 0x000000000acdfe10 done


Dynamic libraries:
0x000000013fe40000 - 0x000000013fe73000 	C:\Program Files\Java\jdk1.7.0_45\jre\bin\java.exe
0x0000000077b10000 - 0x0000000077cb9000 	C:\Windows\SYSTEM32\ntdll.dll
0x00000000779f0000 - 0x0000000077b0f000 	C:\Windows\system32\kernel32.dll
0x000007fefe020000 - 0x000007fefe08c000 	C:\Windows\system32\KERNELBASE.dll
0x00000000752f0000 - 0x0000000075386000 	C:\Windows\System32\SYSFER.DLL
0x000007fefeb10000 - 0x000007fefebeb000 	C:\Windows\system32\ADVAPI32.dll
0x000007feffb80000 - 0x000007feffc1f000 	C:\Windows\system32\msvcrt.dll
0x000007fefedd0000 - 0x000007fefedef000 	C:\Windows\SYSTEM32\sechost.dll
0x000007feffcf0000 - 0x000007feffe1d000 	C:\Windows\system32\RPCRT4.dll
0x0000000077570000 - 0x000000007766a000 	C:\Windows\system32\USER32.dll
0x000007fefea90000 - 0x000007fefeaf7000 	C:\Windows\system32\GDI32.dll
0x000007fefeb00000 - 0x000007fefeb0e000 	C:\Windows\system32\LPK.dll
0x000007fefed00000 - 0x000007fefedc9000 	C:\Windows\system32\USP10.dll
0x000007fefc9e0000 - 0x000007fefcbd4000 	C:\Windows\WinSxS\amd64_microsoft.windows.common-controls_6595b64144ccf1df_6.0.7601.17514_none_fa396087175ac9ac\COMCTL32.dll
0x000007fefe550000 - 0x000007fefe5c1000 	C:\Windows\system32\SHLWAPI.dll
0x000007feffc20000 - 0x000007feffc4e000 	C:\Windows\system32\IMM32.DLL
0x000007fefebf0000 - 0x000007fefecf9000 	C:\Windows\system32\MSCTF.dll
0x000000006f560000 - 0x000000006f632000 	C:\Program Files\Java\jdk1.7.0_45\jre\bin\msvcr100.dll
0x000000006deb0000 - 0x000000006e679000 	C:\Program Files\Java\jdk1.7.0_45\jre\bin\server\jvm.dll
0x000007fefb160000 - 0x000007fefb169000 	C:\Windows\system32\WSOCK32.dll
0x000007fefe5d0000 - 0x000007fefe61d000 	C:\Windows\system32\WS2_32.dll
0x000007fefe920000 - 0x000007fefe928000 	C:\Windows\system32\NSI.dll
0x000007fefbf70000 - 0x000007fefbfab000 	C:\Windows\system32\WINMM.dll
0x0000000077cd0000 - 0x0000000077cd7000 	C:\Windows\system32\PSAPI.DLL
0x00000000733d0000 - 0x00000000733df000 	C:\Program Files\Java\jdk1.7.0_45\jre\bin\verify.dll
0x000000006f680000 - 0x000000006f6a8000 	C:\Program Files\Java\jdk1.7.0_45\jre\bin\java.dll
0x0000000072380000 - 0x0000000072395000 	C:\Program Files\Java\jdk1.7.0_45\jre\bin\zip.dll
0x000000006c710000 - 0x000000006c8a5000 	C:\Program Files\Java\jdk1.7.0_45\jre\bin\awt.dll
0x000007fefe9b0000 - 0x000007fefea87000 	C:\Windows\system32\OLEAUT32.dll
0x000007fefe340000 - 0x000007fefe543000 	C:\Windows\system32\ole32.dll
0x000007fefc980000 - 0x000007fefc9d6000 	C:\Windows\system32\uxtheme.dll
0x0000000180000000 - 0x0000000180028000 	C:\Program Files\COMODO\Unite\SystemMenuHook.dll
0x000007fefc420000 - 0x000007fefc438000 	C:\Windows\system32\dwmapi.dll
0x000007fefdea0000 - 0x000007fefdeaf000 	C:\Windows\system32\CRYPTBASE.dll
0x000007fefedf0000 - 0x000007feffb78000 	C:\Windows\system32\SHELL32.dll
0x0000000052e40000 - 0x0000000052e86000 	C:\Program Files\Java\jdk1.7.0_45\jre\bin\fontmanager.dll
0x000007fee50f0000 - 0x000007fee52ef000 	C:\Windows\system32\d3d9.dll
0x000007fefd0c0000 - 0x000007fefd0cc000 	C:\Windows\system32\VERSION.dll
0x000007fef0670000 - 0x000007fef0677000 	C:\Windows\system32\d3d8thk.dll
0x0000000068300000 - 0x00000000683b4000 	C:\Windows\system32\aticfx64.dll
0x000007fef1c00000 - 0x000007fef1c0d000 	C:\Windows\system32\atiu9p64.dll
0x0000000051fb0000 - 0x00000000524ca000 	C:\Windows\system32\atiumd64.dll
0x0000000051c80000 - 0x0000000051fac000 	C:\Windows\system32\atiumd6a.dll
0x000007fefd800000 - 0x000007fefd818000 	C:\Windows\system32\CRYPTSP.dll
0x000007fefd500000 - 0x000007fefd547000 	C:\Windows\system32\rsaenh.dll
0x000007fefd2a0000 - 0x000007fefd2be000 	C:\Windows\system32\USERENV.dll
0x000007fefdf70000 - 0x000007fefdf7f000 	C:\Windows\system32\profapi.dll
0x000000006f540000 - 0x000000006f559000 	C:\Program Files\Java\jdk1.7.0_45\jre\bin\net.dll
0x000007fefd7a0000 - 0x000007fefd7f5000 	C:\Windows\system32\mswsock.dll
0x000007fefd790000 - 0x000007fefd797000 	C:\Windows\System32\wship6.dll
0x000007fefb720000 - 0x000007fefb735000 	C:\Windows\system32\NLAapi.dll
0x000007fef2970000 - 0x000007fef2985000 	C:\Windows\system32\napinsp.dll
0x000007fef29b0000 - 0x000007fef29c9000 	C:\Windows\system32\pnrpnsp.dll
0x000007fefd620000 - 0x000007fefd67b000 	C:\Windows\system32\DNSAPI.dll
0x000007fef2960000 - 0x000007fef296b000 	C:\Windows\System32\winrnr.dll
0x0000000016080000 - 0x00000000160ae000 	C:\Program Files\Agilent\IO Libraries Suite\LxiMdnsNsp.dll
0x000007fefb070000 - 0x000007fefb097000 	C:\Windows\system32\Iphlpapi.DLL
0x000007fefb060000 - 0x000007fefb06b000 	C:\Windows\system32\WINNSI.DLL
0x0000000063560000 - 0x0000000063569000 	C:\Program Files\National Instruments\Shared\mDNS Responder\nimdnsNSP.dll
0x0000000063550000 - 0x000000006355c000 	C:\Windows\system32\nimdnsResponder.dll
0x0000000071d40000 - 0x0000000071de3000 	C:\Windows\WinSxS\amd64_microsoft.vc90.crt_1fc8b3b9a1e18e3b_9.0.30729.6161_none_08e61857a83bc251\MSVCR90.dll
0x000007fef2950000 - 0x000007fef2960000 	C:\Windows\system32\wshbth.dll
0x000007fefd190000 - 0x000007fefd197000 	C:\Windows\System32\wshtcpip.dll
0x000007fef6880000 - 0x000007fef6888000 	C:\Windows\system32\rasadhlp.dll
0x000007fefae30000 - 0x000007fefae83000 	C:\Windows\System32\fwpuclnt.dll
0x000000006f660000 - 0x000000006f671000 	C:\Program Files\Java\jdk1.7.0_45\jre\bin\nio.dll
0x000007fefde40000 - 0x000007fefde97000 	C:\Windows\system32\apphelp.dll
0x00000000637c0000 - 0x00000000637cd000 	C:\Users\s125538\AppData\Local\Temp\jogamp_0000\file_cache\jln528737089108813395\jln8367777857613575964\gluegen-rt.dll
0x0000000067350000 - 0x0000000067357000 	C:\Program Files\Java\jdk1.7.0_45\jre\bin\jawt.dll
0x000000006a440000 - 0x000000006a44d000 	C:\Users\s125538\AppData\Local\Temp\jogamp_0000\file_cache\jln528737089108813395\jln8367777857613575964\nativewindow_awt.dll
0x000000006c100000 - 0x000000006c10f000 	C:\Users\s125538\AppData\Local\Temp\jogamp_0000\file_cache\jln528737089108813395\jln8367777857613575964\nativewindow_win32.dll
0x000007fee4ef0000 - 0x000007fee500d000 	C:\Windows\system32\OpenGL32.dll
0x000007fef2570000 - 0x000007fef259d000 	C:\Windows\system32\GLU32.dll
0x000007feed560000 - 0x000007feed651000 	C:\Windows\system32\DDRAW.dll
0x000007fefb570000 - 0x000007fefb578000 	C:\Windows\system32\DCIMAN32.dll
0x000007fefe740000 - 0x000007fefe917000 	C:\Windows\system32\SETUPAPI.dll
0x000007fefe150000 - 0x000007fefe186000 	C:\Windows\system32\CFGMGR32.dll
0x000007fefe090000 - 0x000007fefe0aa000 	C:\Windows\system32\DEVOBJ.dll
0x0000000064500000 - 0x00000000645a2000 	C:\Users\s125538\AppData\Local\Temp\jogamp_0000\file_cache\jln528737089108813395\jln8367777857613575964\jogl_desktop.dll
0x000007fefbc10000 - 0x000007fefbc18000 	C:\Windows\system32\atig6pxx.dll
0x0000000012000000 - 0x00000000135b1000 	C:\Windows\system32\atio6axx.dll
0x0000000005a90000 - 0x0000000005aeb000 	C:\Windows\system32\atiadlxx.dll
0x000007fefd0a0000 - 0x000007fefd0b1000 	C:\Windows\system32\WTSAPI32.dll
0x000007fefe300000 - 0x000007fefe33b000 	C:\Windows\system32\WINTRUST.dll
0x000007fefe190000 - 0x000007fefe2fd000 	C:\Windows\system32\CRYPT32.dll
0x000007fefe010000 - 0x000007fefe01f000 	C:\Windows\system32\MSASN1.dll
0x000007fefb530000 - 0x000007fefb53e000 	C:\Windows\system32\atig6txx.dll
0x0000000051000000 - 0x0000000051041000 	C:\Program Files\Java\jdk1.7.0_45\jre\bin\t2k.dll
0x0000000058b00000 - 0x0000000058b2a000 	C:\Program Files\Java\jdk1.7.0_45\jre\bin\dcpr.dll
0x000007fef15a0000 - 0x000007fef16c5000 	C:\Windows\system32\dbghelp.dll

VM Arguments:
jvm_args: -Dfile.encoding=UTF-8 
java_command: RobotRace
Launcher Type: SUN_STANDARD

Environment Variables:
PATH=C:\Windows\system32;C:\Windows;C:\Windows\System32\Wbem;C:\Windows\System32\WindowsPowerShell\v1.0\;C:\Program Files (x86)\ATI Technologies\ATI.ACE\Core-Static;C:\Program Files\WIDCOMM\Bluetooth Software\;C:\Program Files\WIDCOMM\Bluetooth Software\syswow64;C:\Program Files (x86)\Common Files\Roxio Shared\DLLShared\;C:\Program Files (x86)\Common Files\Roxio Shared\OEM\DLLShared\;C:\Program Files (x86)\Common Files\Roxio Shared\OEM\DLLShared\;C:\Program Files (x86)\Common Files\Roxio Shared\OEM\12.0\DLLShared\;C:\Program Files (x86)\Roxio\OEM\AudioCore\;C:\Program Files\MATLAB\R2014b\runtime\win64;C:\Program Files\MATLAB\R2014b\bin;C:\Program Files\MATLAB\R2013b\runtime\win64;C:\Program Files\MATLAB\R2013b\bin;C:\Program Files\MATLAB\R2012a\bin;C:\Program Files (x86)\Agilent\IO Libraries Suite\bin;C:\Program Files\Agilent\IO Libraries Suite\bin;C:\Program Files (x86)\IVI Foundation\VISA\WinNT\agvisa;C:\Program Files\IVI Foundation\VISA\Win64\agvisa;C:\Program Files (x86)\IVI Foundation\IVI\bin;C:\Program Files\IVI Foundation\IVI\bin;C:\Program Files (x86)\IVI Foundation\VISA\WinNT\Bin\;C:\Program Files\IVI Foundation\VISA\Win64\Bin\;C:\Program Files\Common Files\Autodesk Shared\;/cygdrive/d/mmips/lcc/lccdir
USERNAME=s125538
OS=Windows_NT
PROCESSOR_IDENTIFIER=Intel64 Family 6 Model 42 Stepping 7, GenuineIntel



---------------  S Y S T E M  ---------------

OS: Windows 7 , 64 bit Build 7601 Service Pack 1

CPU:total 8 (4 cores per cpu, 2 threads per core) family 6 model 42 stepping 7, cmov, cx8, fxsr, mmx, sse, sse2, sse3, ssse3, sse4.1, sse4.2, popcnt, avx, aes, ht, tsc, tscinvbit

Memory: 4k page, physical 8337772k(2877508k free), swap 16673680k(11045572k free)

vm_info: Java HotSpot(TM) 64-Bit Server VM (24.45-b08) for windows-amd64 JRE (1.7.0_45-b18), built on Oct  8 2013 05:47:22 by "java_re" with unknown MS VC++:1600

time: Sun Jan 11 16:41:11 2015
elapsed time: 4 seconds

