#
# A fatal error has been detected by the Java Runtime Environment:
#
#  EXCEPTION_ACCESS_VIOLATION (0xc0000005) at pc=0x0000000012da424b, pid=7968, tid=10392
#
# JRE version: Java(TM) SE Runtime Environment (7.0_45-b18) (build 1.7.0_45-b18)
# Java VM: Java HotSpot(TM) 64-Bit Server VM (24.45-b08 mixed mode windows-amd64 compressed oops)
# Problematic frame:
# C  [atio6axx.dll+0xaf424b]
#
# Failed to write core dump. Minidumps are not enabled by default on client versions of Windows
#
# If you would like to submit a bug report, please visit:
#   http://bugreport.sun.com/bugreport/crash.jsp
# The crash happened outside the Java Virtual Machine in native code.
# See problematic frame for where to report the bug.
#

---------------  T H R E A D  ---------------

Current thread (0x000000001117f800):  JavaThread "AWT-EventQueue-0" [_thread_in_native, id=10392, stack(0x0000000014e10000,0x0000000014f10000)]

siginfo: ExceptionCode=0xc0000005, reading address 0x0000000000000000

Registers:
RAX=0x0000000000000000, RBX=0x00000000144b0d80, RCX=0x000000001ad30040, RDX=0x000000000df61390
RSP=0x0000000014f0c9a0, RBP=0x000000000df61390, RSI=0x000000001448bdc0, RDI=0x00000000122b0000
R8 =0x0000000000000000, R9 =0x000000002fa25b02, R10=0x0000000000000000, R11=0x0000000000000008
R12=0x0000000014babd20, R13=0x0000000000000001, R14=0x000000000df612f0, R15=0x0000000000000002
RIP=0x0000000012da424b, EFLAGS=0x0000000000010287

Top of Stack: (sp=0x0000000014f0c9a0)
0x0000000014f0c9a0:   00000000144b0d80 0000000014f0cd20
0x0000000014f0c9b0:   00000000024460f8 000000001448bdc0
0x0000000014f0c9c0:   7f00000045022549 000000000df61390
0x0000000014f0c9d0:   000000000df612f0 0000000000000040
0x0000000014f0c9e0:   00000000144b15b0 0000000014babd20
0x0000000014f0c9f0:   0000000006473318 0000000014f0cae0
0x0000000014f0ca00:   0000000000000001 0000000013febca0
0x0000000014f0ca10:   000000001cc10088 000000001cc10040
0x0000000014f0ca20:   0000000000000008 0000000014babdf8
0x0000000014f0ca30:   000000001448bdc0 0000000014597dc0
0x0000000014f0ca40:   000000001448bdc0 00000000144bc288
0x0000000014f0ca50:   0000000000000000 0000000000000001
0x0000000014f0ca60:   00000000144afa18 0000000014babd20
0x0000000014f0ca70:   0000000014babd20 0000000012da14f9
0x0000000014f0ca80:   3f80000000000000 0000000000000000
0x0000000014f0ca90:   0000000017c80240 000000001ad30040 

Instructions: (pc=0x0000000012da424b)
0x0000000012da422b:   48 83 39 00 74 10 48 8b 01 48 89 43 08 48 83 c0
0x0000000012da423b:   20 48 89 03 eb 07 48 c7 03 00 00 00 00 48 8b 03
0x0000000012da424b:   48 8b 08 48 89 8b c0 00 00 00 48 c7 83 b8 00 00
0x0000000012da425b:   00 00 00 00 00 8b 43 10 48 01 03 48 8b 4b 08 48 


Register to memory mapping:

RAX=0x0000000000000000 is an unknown value
RBX=0x00000000144b0d80 is an unknown value
RCX=0x000000001ad30040 is an unknown value
RDX=0x000000000df61390 is an unknown value
RSP=0x0000000014f0c9a0 is pointing into the stack for thread: 0x000000001117f800
RBP=0x000000000df61390 is an unknown value
RSI=0x000000001448bdc0 is an unknown value
RDI=0x00000000122b0000 is an unknown value
R8 =0x0000000000000000 is an unknown value
R9 =0x000000002fa25b02 is an unknown value
R10=0x0000000000000000 is an unknown value
R11=0x0000000000000008 is an unknown value
R12=0x0000000014babd20 is an unknown value
R13=0x0000000000000001 is an unknown value
R14=0x000000000df612f0 is an unknown value
R15=0x0000000000000002 is an unknown value


Stack: [0x0000000014e10000,0x0000000014f10000],  sp=0x0000000014f0c9a0,  free space=1010k
Native frames: (J=compiled Java code, j=interpreted, Vv=VM code, C=native code)
C  [atio6axx.dll+0xaf424b]

Java frames: (J=compiled Java code, j=interpreted, Vv=VM code)
J  jogamp.opengl.gl4.GL4bcImpl.dispatch_glEnd1(J)V
J  jogamp.opengl.gl4.GL4bcImpl.glEnd()V
j  RobotRace.drawAxisFrame()V+183
j  RobotRace.drawScene()V+88
j  robotrace.Base$GLEventDelegate.display(Ljavax/media/opengl/GLAutoDrawable;)V+80
j  jogamp.opengl.GLDrawableHelper.displayImpl(Ljavax/media/opengl/GLAutoDrawable;)V+81
j  jogamp.opengl.GLDrawableHelper.display(Ljavax/media/opengl/GLAutoDrawable;)V+2
j  javax.media.opengl.awt.GLJPanel$Updater.display(Ljavax/media/opengl/GLAutoDrawable;)V+200
j  javax.media.opengl.awt.GLJPanel$9.run()V+11
j  jogamp.opengl.GLDrawableHelper.invokeGLImpl(Ljavax/media/opengl/GLDrawable;Ljavax/media/opengl/GLContext;Ljava/lang/Runnable;Ljava/lang/Runnable;)V+203
j  jogamp.opengl.GLDrawableHelper.invokeGL(Ljavax/media/opengl/GLDrawable;Ljavax/media/opengl/GLContext;Ljava/lang/Runnable;Ljava/lang/Runnable;)V+72
j  javax.media.opengl.awt.GLJPanel$OffscreenBackend.doPaintComponent(Ljava/awt/Graphics;)V+29
j  javax.media.opengl.awt.GLJPanel.paintComponent(Ljava/awt/Graphics;)V+215
j  javax.swing.JComponent.paint(Ljava/awt/Graphics;)V+286
j  javax.swing.JComponent.paintToOffscreen(Ljava/awt/Graphics;IIIIII)V+41
j  javax.swing.RepaintManager$PaintManager.paintDoubleBuffered(Ljavax/swing/JComponent;Ljava/awt/Image;Ljava/awt/Graphics;IIII)V+163
j  javax.swing.RepaintManager$PaintManager.paint(Ljavax/swing/JComponent;Ljavax/swing/JComponent;Ljava/awt/Graphics;IIII)Z+116
j  javax.swing.RepaintManager.paint(Ljavax/swing/JComponent;Ljavax/swing/JComponent;Ljava/awt/Graphics;IIII)V+52
j  javax.swing.JComponent._paintImmediately(IIII)V+683
j  javax.swing.JComponent.paintImmediately(IIII)V+138
j  javax.swing.RepaintManager$3.run()Ljava/lang/Void;+75
j  javax.swing.RepaintManager$3.run()Ljava/lang/Object;+1
v  ~StubRoutines::call_stub
j  java.security.AccessController.doPrivileged(Ljava/security/PrivilegedAction;Ljava/security/AccessControlContext;)Ljava/lang/Object;+0
j  java.security.ProtectionDomain$1.doIntersectionPrivilege(Ljava/security/PrivilegedAction;Ljava/security/AccessControlContext;Ljava/security/AccessControlContext;)Ljava/lang/Object;+28
j  javax.swing.RepaintManager.paintDirtyRegions(Ljava/util/Map;)V+154
j  javax.swing.RepaintManager.paintDirtyRegions()V+46
j  com.jogamp.opengl.util.AWTAnimatorImpl$1.run()V+374
j  java.awt.event.InvocationEvent.dispatch()V+11
j  java.awt.EventQueue.dispatchEventImpl(Ljava/awt/AWTEvent;Ljava/lang/Object;)V+21
j  java.awt.EventQueue.access$200(Ljava/awt/EventQueue;Ljava/awt/AWTEvent;Ljava/lang/Object;)V+3
j  java.awt.EventQueue$3.run()Ljava/lang/Void;+12
j  java.awt.EventQueue$3.run()Ljava/lang/Object;+1
v  ~StubRoutines::call_stub
j  java.security.AccessController.doPrivileged(Ljava/security/PrivilegedAction;Ljava/security/AccessControlContext;)Ljava/lang/Object;+0
j  java.security.ProtectionDomain$1.doIntersectionPrivilege(Ljava/security/PrivilegedAction;Ljava/security/AccessControlContext;Ljava/security/AccessControlContext;)Ljava/lang/Object;+28
j  java.awt.EventQueue.dispatchEvent(Ljava/awt/AWTEvent;)V+46
j  java.awt.EventDispatchThread.pumpOneEventForFilters(I)V+245
j  java.awt.EventDispatchThread.pumpEventsForFilter(ILjava/awt/Conditional;Ljava/awt/EventFilter;)V+35
j  java.awt.EventDispatchThread.pumpEventsForHierarchy(ILjava/awt/Conditional;Ljava/awt/Component;)V+11
j  java.awt.EventDispatchThread.pumpEvents(ILjava/awt/Conditional;)V+4
j  java.awt.EventDispatchThread.pumpEvents(Ljava/awt/Conditional;)V+3
j  java.awt.EventDispatchThread.run()V+9
v  ~StubRoutines::call_stub

---------------  P R O C E S S  ---------------

Java Threads: ( => current thread )
  0x00000000194a4000 JavaThread "TimerQueue" daemon [_thread_blocked, id=1652, stack(0x000000001c8e0000,0x000000001c9e0000)]
  0x0000000010fc7800 JavaThread "D3D Screen Updater" daemon [_thread_blocked, id=9548, stack(0x00000000161d0000,0x00000000162d0000)]
  0x00000000021df800 JavaThread "DestroyJavaVM" [_thread_blocked, id=8020, stack(0x0000000002200000,0x0000000002300000)]
  0x0000000010fd9800 JavaThread "main-FPSAWTAnimator#00-Timer0" [_thread_blocked, id=9776, stack(0x0000000015490000,0x0000000015590000)]
=>0x000000001117f800 JavaThread "AWT-EventQueue-0" [_thread_in_native, id=10392, stack(0x0000000014e10000,0x0000000014f10000)]
  0x000000001118d800 JavaThread "AWT-Shutdown" [_thread_blocked, id=9348, stack(0x0000000014ca0000,0x0000000014da0000)]
  0x0000000011550800 JavaThread "main-SharedResourceRunner" daemon [_thread_blocked, id=10092, stack(0x000000000e760000,0x000000000e860000)]
  0x000000000c28b000 JavaThread "AWT-Windows" daemon [_thread_in_native, id=9648, stack(0x000000000e120000,0x000000000e220000)]
  0x000000000c287800 JavaThread "Java2D Disposer" daemon [_thread_blocked, id=9056, stack(0x000000000dde0000,0x000000000dee0000)]
  0x000000000c162800 JavaThread "Service Thread" daemon [_thread_blocked, id=10584, stack(0x000000000da90000,0x000000000db90000)]
  0x000000000c154000 JavaThread "C2 CompilerThread1" daemon [_thread_blocked, id=10400, stack(0x000000000d910000,0x000000000da10000)]
  0x000000000afa4800 JavaThread "C2 CompilerThread0" daemon [_thread_blocked, id=6712, stack(0x000000000d3a0000,0x000000000d4a0000)]
  0x000000000afa3800 JavaThread "Attach Listener" daemon [_thread_blocked, id=4324, stack(0x000000000d750000,0x000000000d850000)]
  0x000000000afa2800 JavaThread "Signal Dispatcher" daemon [_thread_blocked, id=1656, stack(0x000000000d610000,0x000000000d710000)]
  0x000000000212a000 JavaThread "Finalizer" daemon [_thread_blocked, id=7848, stack(0x000000000d500000,0x000000000d600000)]
  0x000000000af8f800 JavaThread "Reference Handler" daemon [_thread_blocked, id=5600, stack(0x000000000d080000,0x000000000d180000)]

Other Threads:
  0x000000000af8c000 VMThread [stack: 0x000000000d230000,0x000000000d330000] [id=7996]
  0x000000000c16b000 WatcherThread [stack: 0x000000000dc30000,0x000000000dd30000] [id=9520]

VM state:not at safepoint (normal execution)

VM Mutex/Monitor currently owned by a thread: None

Heap
 PSYoungGen      total 38400K, used 28950K [0x00000007d5900000, 0x00000007d8380000, 0x0000000800000000)
  eden space 33280K, 71% used [0x00000007d5900000,0x00000007d7062c28,0x00000007d7980000)
  from space 5120K, 97% used [0x00000007d7980000,0x00000007d7e62ce0,0x00000007d7e80000)
  to   space 5120K, 0% used [0x00000007d7e80000,0x00000007d7e80000,0x00000007d8380000)
 ParOldGen       total 86528K, used 0K [0x0000000780c00000, 0x0000000786080000, 0x00000007d5900000)
  object space 86528K, 0% used [0x0000000780c00000,0x0000000780c00000,0x0000000786080000)
 PSPermGen       total 21504K, used 19269K [0x000000077ba00000, 0x000000077cf00000, 0x0000000780c00000)
  object space 21504K, 89% used [0x000000077ba00000,0x000000077ccd17d0,0x000000077cf00000)

Card table byte_map: [0x0000000005440000,0x0000000005870000] byte_map_base: 0x0000000001863000

Polling page: 0x0000000000330000

Code Cache  [0x0000000002440000, 0x00000000026b0000, 0x0000000005440000)
 total_blobs=1034 nmethods=161 adapters=825 free_code_cache=47953Kb largest_free_block=49053696

Compilation events (10 events):
Event: 4.179 Thread 0x000000000c154000  156             java.awt.Component::getParent (5 bytes)
Event: 4.179 Thread 0x000000000c154000 nmethod 156 0x000000000253fe90 code [0x000000000253ffc0, 0x0000000002540038]
Event: 4.278 Thread 0x000000000afa4800  157             java.util.concurrent.locks.AbstractQueuedSynchronizer::getState (5 bytes)
Event: 4.278 Thread 0x000000000afa4800 nmethod 157 0x000000000253fc90 code [0x000000000253fdc0, 0x000000000253fe18]
Event: 4.303 Thread 0x000000000c154000  158             jogamp.opengl.GLContextImpl::getGL (5 bytes)
Event: 4.304 Thread 0x000000000c154000 nmethod 158 0x000000000253fa90 code [0x000000000253fbc0, 0x000000000253fc38]
Event: 4.304 Thread 0x000000000afa4800  159             jogamp.opengl.gl4.GL4bcImpl::glTranslated (56 bytes)
Event: 4.306 Thread 0x000000000afa4800 nmethod 159 0x0000000002541b50 code [0x0000000002541ce0, 0x0000000002541f08]
Event: 4.343 Thread 0x000000000c154000  161             java.awt.Component::getTreeLock (4 bytes)
Event: 4.343 Thread 0x000000000c154000 nmethod 161 0x000000000253f890 code [0x000000000253f9c0, 0x000000000253fa38]

GC Heap History (2 events):
Event: 2.161 GC heap before
{Heap before GC invocations=1 (full 0):
 PSYoungGen      total 38400K, used 33280K [0x00000007d5900000, 0x00000007d8380000, 0x0000000800000000)
  eden space 33280K, 100% used [0x00000007d5900000,0x00000007d7980000,0x00000007d7980000)
  from space 5120K, 0% used [0x00000007d7e80000,0x00000007d7e80000,0x00000007d8380000)
  to   space 5120K, 0% used [0x00000007d7980000,0x00000007d7980000,0x00000007d7e80000)
 ParOldGen       total 86528K, used 0K [0x0000000780c00000, 0x0000000786080000, 0x00000007d5900000)
  object space 86528K, 0% used [0x0000000780c00000,0x0000000780c00000,0x0000000786080000)
 PSPermGen       total 21504K, used 14695K [0x000000077ba00000, 0x000000077cf00000, 0x0000000780c00000)
  object space 21504K, 68% used [0x000000077ba00000,0x000000077c859cb8,0x000000077cf00000)
Event: 2.176 GC heap after
Heap after GC invocations=1 (full 0):
 PSYoungGen      total 38400K, used 5003K [0x00000007d5900000, 0x00000007d8380000, 0x0000000800000000)
  eden space 33280K, 0% used [0x00000007d5900000,0x00000007d5900000,0x00000007d7980000)
  from space 5120K, 97% used [0x00000007d7980000,0x00000007d7e62ce0,0x00000007d7e80000)
  to   space 5120K, 0% used [0x00000007d7e80000,0x00000007d7e80000,0x00000007d8380000)
 ParOldGen       total 86528K, used 0K [0x0000000780c00000, 0x0000000786080000, 0x00000007d5900000)
  object space 86528K, 0% used [0x0000000780c00000,0x0000000780c00000,0x0000000786080000)
 PSPermGen       total 21504K, used 14695K [0x000000077ba00000, 0x000000077cf00000, 0x0000000780c00000)
  object space 21504K, 68% used [0x000000077ba00000,0x000000077c859cb8,0x000000077cf00000)
}

Deoptimization events (4 events):
Event: 1.894 Thread 0x0000000011550800 Uncommon trap: reason=unreached action=reinterpret pc=0x00000000024fa4c4 method=java.lang.Class.searchFields([Ljava/lang/reflect/Field;Ljava/lang/String;)Ljava/lang/reflect/Field; @ 23
Event: 4.015 Thread 0x000000001117f800 Uncommon trap: reason=class_check action=maybe_recompile pc=0x00000000024b793c method=java.lang.String.equals(Ljava/lang/Object;)Z @ 8
Event: 4.015 Thread 0x000000001117f800 Uncommon trap: reason=class_check action=maybe_recompile pc=0x00000000024b793c method=java.lang.String.equals(Ljava/lang/Object;)Z @ 8
Event: 4.015 Thread 0x000000001117f800 Uncommon trap: reason=class_check action=maybe_recompile pc=0x00000000024b793c method=java.lang.String.equals(Ljava/lang/Object;)Z @ 8

Internal exceptions (10 events):
Event: 2.825 Thread 0x000000001117f800 Threw 0x00000007d6364d40 at C:\re\jdk7u45\229\hotspot\src\share\vm\prims\jni.cpp:717
Event: 2.834 Thread 0x000000001117f800 Threw 0x00000007d6478f08 at C:\re\jdk7u45\229\hotspot\src\share\vm\prims\jni.cpp:717
Event: 2.869 Thread 0x000000001117f800 Threw 0x00000007d6892350 at C:\re\jdk7u45\229\hotspot\src\share\vm\prims\jvm.cpp:1244
Event: 2.882 Thread 0x000000001117f800 Threw 0x00000007d689dff0 at C:\re\jdk7u45\229\hotspot\src\share\vm\prims\jvm.cpp:1244
Event: 2.897 Thread 0x000000001117f800 Threw 0x00000007d68cb0e8 at C:\re\jdk7u45\229\hotspot\src\share\vm\prims\jvm.cpp:1244
Event: 2.898 Thread 0x000000001117f800 Threw 0x00000007d68cf0a8 at C:\re\jdk7u45\229\hotspot\src\share\vm\prims\jvm.cpp:1244
Event: 2.900 Thread 0x000000001117f800 Threw 0x00000007d68d3128 at C:\re\jdk7u45\229\hotspot\src\share\vm\prims\jvm.cpp:1244
Event: 4.426 Thread 0x000000001117f800 Threw 0x00000007d7026ef8 at C:\re\jdk7u45\229\hotspot\src\share\vm\interpreter\interpreterRuntime.cpp:347
Event: 4.426 Thread 0x000000001117f800 Threw 0x00000007d7027118 at C:\re\jdk7u45\229\hotspot\src\share\vm\prims\jvm.cpp:1248
Event: 4.426 Thread 0x000000001117f800 Threw 0x00000007d7027118 at C:\re\jdk7u45\229\hotspot\src\share\vm\prims\jvm.cpp:1248

Events (10 events):
Event: 4.417 loading class 0x000000000c237e40
Event: 4.417 loading class 0x000000000c237e40 done
Event: 4.417 loading class 0x0000000010fa7450
Event: 4.417 loading class 0x0000000010fa7450 done
Event: 4.419 loading class 0x00000000114d0a10
Event: 4.419 loading class 0x00000000114d0a10 done
Event: 4.426 loading class 0x000000000adbfe10
Event: 4.426 loading class 0x000000000adc0080
Event: 4.426 loading class 0x000000000adc0080 done
Event: 4.426 loading class 0x000000000adbfe10 done


Dynamic libraries:
0x000000013f850000 - 0x000000013f883000 	C:\Program Files\Java\jdk1.7.0_45\jre\bin\java.exe
0x0000000076f70000 - 0x0000000077119000 	C:\Windows\SYSTEM32\ntdll.dll
0x0000000076e50000 - 0x0000000076f6f000 	C:\Windows\system32\kernel32.dll
0x000007fefd670000 - 0x000007fefd6dc000 	C:\Windows\system32\KERNELBASE.dll
0x0000000074750000 - 0x00000000747e6000 	C:\Windows\System32\SYSFER.DLL
0x000007fefeae0000 - 0x000007fefebbb000 	C:\Windows\system32\ADVAPI32.dll
0x000007fefd930000 - 0x000007fefd9cf000 	C:\Windows\system32\msvcrt.dll
0x000007fefdd30000 - 0x000007fefdd4f000 	C:\Windows\SYSTEM32\sechost.dll
0x000007fefd9d0000 - 0x000007fefdafd000 	C:\Windows\system32\RPCRT4.dll
0x0000000076870000 - 0x000000007696a000 	C:\Windows\system32\USER32.dll
0x000007fefebc0000 - 0x000007fefec27000 	C:\Windows\system32\GDI32.dll
0x000007fefd840000 - 0x000007fefd84e000 	C:\Windows\system32\LPK.dll
0x000007fefdbc0000 - 0x000007fefdc89000 	C:\Windows\system32\USP10.dll
0x000007fefb990000 - 0x000007fefbb84000 	C:\Windows\WinSxS\amd64_microsoft.windows.common-controls_6595b64144ccf1df_6.0.7601.17514_none_fa396087175ac9ac\COMCTL32.dll
0x000007fefef20000 - 0x000007fefef91000 	C:\Windows\system32\SHLWAPI.dll
0x000007fefdb00000 - 0x000007fefdb2e000 	C:\Windows\system32\IMM32.DLL
0x000007fefec30000 - 0x000007fefed39000 	C:\Windows\system32\MSCTF.dll
0x0000000054a70000 - 0x0000000054b42000 	C:\Program Files\Java\jdk1.7.0_45\jre\bin\msvcr100.dll
0x000000006e5b0000 - 0x000000006ed79000 	C:\Program Files\Java\jdk1.7.0_45\jre\bin\server\jvm.dll
0x000007fefa5a0000 - 0x000007fefa5a9000 	C:\Windows\system32\WSOCK32.dll
0x000007feff000000 - 0x000007feff04d000 	C:\Windows\system32\WS2_32.dll
0x000007fefdbb0000 - 0x000007fefdbb8000 	C:\Windows\system32\NSI.dll
0x000007fefbb90000 - 0x000007fefbbcb000 	C:\Windows\system32\WINMM.dll
0x0000000077140000 - 0x0000000077147000 	C:\Windows\system32\PSAPI.DLL
0x0000000074620000 - 0x000000007462f000 	C:\Program Files\Java\jdk1.7.0_45\jre\bin\verify.dll
0x000000005a0c0000 - 0x000000005a0e8000 	C:\Program Files\Java\jdk1.7.0_45\jre\bin\java.dll
0x0000000062b80000 - 0x0000000062b95000 	C:\Program Files\Java\jdk1.7.0_45\jre\bin\zip.dll
0x00000000548d0000 - 0x0000000054a65000 	C:\Program Files\Java\jdk1.7.0_45\jre\bin\awt.dll
0x000007fefd850000 - 0x000007fefd927000 	C:\Windows\system32\OLEAUT32.dll
0x000007feff070000 - 0x000007feff273000 	C:\Windows\system32\ole32.dll
0x000007fefb8e0000 - 0x000007fefb936000 	C:\Windows\system32\uxtheme.dll
0x0000000180000000 - 0x0000000180028000 	C:\Program Files\COMODO\Unite\SystemMenuHook.dll
0x000007fefb500000 - 0x000007fefb518000 	C:\Windows\system32\dwmapi.dll
0x000007fefd300000 - 0x000007fefd30f000 	C:\Windows\system32\CRYPTBASE.dll
0x000007fefdd50000 - 0x000007fefead8000 	C:\Windows\system32\SHELL32.dll
0x0000000059c70000 - 0x0000000059cb6000 	C:\Program Files\Java\jdk1.7.0_45\jre\bin\fontmanager.dll
0x000007fee65b0000 - 0x000007fee67af000 	C:\Windows\system32\d3d9.dll
0x000007fefc520000 - 0x000007fefc52c000 	C:\Windows\system32\VERSION.dll
0x000007feed200000 - 0x000007feed207000 	C:\Windows\system32\d3d8thk.dll
0x0000000067a80000 - 0x0000000067b34000 	C:\Windows\system32\aticfx64.dll
0x000007feeace0000 - 0x000007feeaced000 	C:\Windows\system32\atiu9p64.dll
0x0000000050200000 - 0x000000005071a000 	C:\Windows\system32\atiumd64.dll
0x0000000050910000 - 0x0000000050c3c000 	C:\Windows\system32\atiumd6a.dll
0x000007fefcca0000 - 0x000007fefccb8000 	C:\Windows\system32\CRYPTSP.dll
0x000007fefc9a0000 - 0x000007fefc9e7000 	C:\Windows\system32\rsaenh.dll
0x000007fefc710000 - 0x000007fefc72e000 	C:\Windows\system32\USERENV.dll
0x000007fefd3d0000 - 0x000007fefd3df000 	C:\Windows\system32\profapi.dll
0x0000000064d40000 - 0x0000000064d59000 	C:\Program Files\Java\jdk1.7.0_45\jre\bin\net.dll
0x000007fefcc40000 - 0x000007fefcc95000 	C:\Windows\system32\mswsock.dll
0x000007fefcc30000 - 0x000007fefcc37000 	C:\Windows\System32\wship6.dll
0x000007fefaad0000 - 0x000007fefaae5000 	C:\Windows\system32\NLAapi.dll
0x000007fef0c60000 - 0x000007fef0c75000 	C:\Windows\system32\napinsp.dll
0x000007fef0c40000 - 0x000007fef0c59000 	C:\Windows\system32\pnrpnsp.dll
0x000007fefcac0000 - 0x000007fefcb1b000 	C:\Windows\system32\DNSAPI.dll
0x000007fef1220000 - 0x000007fef122b000 	C:\Windows\System32\winrnr.dll
0x0000000016080000 - 0x00000000160ae000 	C:\Program Files\Agilent\IO Libraries Suite\LxiMdnsNsp.dll
0x000007fefa520000 - 0x000007fefa547000 	C:\Windows\system32\Iphlpapi.DLL
0x000007fefa510000 - 0x000007fefa51b000 	C:\Windows\system32\WINNSI.DLL
0x0000000063560000 - 0x0000000063569000 	C:\Program Files\National Instruments\Shared\mDNS Responder\nimdnsNSP.dll
0x0000000063550000 - 0x000000006355c000 	C:\Windows\system32\nimdnsResponder.dll
0x000000006f780000 - 0x000000006f823000 	C:\Windows\WinSxS\amd64_microsoft.vc90.crt_1fc8b3b9a1e18e3b_9.0.30729.6161_none_08e61857a83bc251\MSVCR90.dll
0x000007fef0c30000 - 0x000007fef0c40000 	C:\Windows\system32\wshbth.dll
0x000007fefc5f0000 - 0x000007fefc5f7000 	C:\Windows\System32\wshtcpip.dll
0x000007fef1790000 - 0x000007fef1798000 	C:\Windows\system32\rasadhlp.dll
0x000007fefa270000 - 0x000007fefa2c3000 	C:\Windows\System32\fwpuclnt.dll
0x0000000062610000 - 0x0000000062621000 	C:\Program Files\Java\jdk1.7.0_45\jre\bin\nio.dll
0x000007fefd2a0000 - 0x000007fefd2f7000 	C:\Windows\system32\apphelp.dll
0x00000000637c0000 - 0x00000000637cd000 	C:\Users\s125538\AppData\Local\Temp\jogamp_0000\file_cache\jln4725623770607367279\jln2941350377900706957\gluegen-rt.dll
0x00000000744b0000 - 0x00000000744b7000 	C:\Program Files\Java\jdk1.7.0_45\jre\bin\jawt.dll
0x000000006a440000 - 0x000000006a44d000 	C:\Users\s125538\AppData\Local\Temp\jogamp_0000\file_cache\jln4725623770607367279\jln2941350377900706957\nativewindow_awt.dll
0x000000006c100000 - 0x000000006c10f000 	C:\Users\s125538\AppData\Local\Temp\jogamp_0000\file_cache\jln4725623770607367279\jln2941350377900706957\nativewindow_win32.dll
0x000007feea490000 - 0x000007feea5ad000 	C:\Windows\system32\OpenGL32.dll
0x000007fefa820000 - 0x000007fefa84d000 	C:\Windows\system32\GLU32.dll
0x000007fee9970000 - 0x000007fee9a61000 	C:\Windows\system32\DDRAW.dll
0x000007fefa8f0000 - 0x000007fefa8f8000 	C:\Windows\system32\DCIMAN32.dll
0x000007fefed40000 - 0x000007fefef17000 	C:\Windows\system32\SETUPAPI.dll
0x000007fefd630000 - 0x000007fefd666000 	C:\Windows\system32\CFGMGR32.dll
0x000007fefd780000 - 0x000007fefd79a000 	C:\Windows\system32\DEVOBJ.dll
0x0000000064500000 - 0x00000000645a2000 	C:\Users\s125538\AppData\Local\Temp\jogamp_0000\file_cache\jln4725623770607367279\jln2941350377900706957\jogl_desktop.dll
0x000007fefa8e0000 - 0x000007fefa8e8000 	C:\Windows\system32\atig6pxx.dll
0x00000000122b0000 - 0x0000000013861000 	C:\Windows\system32\atio6axx.dll
0x0000000005f00000 - 0x0000000005f5b000 	C:\Windows\system32\atiadlxx.dll
0x000007fefc500000 - 0x000007fefc511000 	C:\Windows\system32\WTSAPI32.dll
0x000007fefd5f0000 - 0x000007fefd62b000 	C:\Windows\system32\WINTRUST.dll
0x000007fefd480000 - 0x000007fefd5ed000 	C:\Windows\system32\CRYPT32.dll
0x000007fefd470000 - 0x000007fefd47f000 	C:\Windows\system32\MSASN1.dll
0x000007fefa870000 - 0x000007fefa87e000 	C:\Windows\system32\atig6txx.dll
0x0000000059c20000 - 0x0000000059c61000 	C:\Program Files\Java\jdk1.7.0_45\jre\bin\t2k.dll
0x00000000622a0000 - 0x00000000622ca000 	C:\Program Files\Java\jdk1.7.0_45\jre\bin\dcpr.dll
0x000007feef960000 - 0x000007feefa85000 	C:\Windows\system32\dbghelp.dll

VM Arguments:
jvm_args: -Dfile.encoding=UTF-8 
java_command: RobotRace
Launcher Type: SUN_STANDARD

Environment Variables:
PATH=C:\Windows\system32;C:\Windows;C:\Windows\System32\Wbem;C:\Windows\System32\WindowsPowerShell\v1.0\;C:\Program Files (x86)\ATI Technologies\ATI.ACE\Core-Static;C:\Program Files\WIDCOMM\Bluetooth Software\;C:\Program Files\WIDCOMM\Bluetooth Software\syswow64;C:\Program Files (x86)\Common Files\Roxio Shared\DLLShared\;C:\Program Files (x86)\Common Files\Roxio Shared\OEM\DLLShared\;C:\Program Files (x86)\Common Files\Roxio Shared\OEM\DLLShared\;C:\Program Files (x86)\Common Files\Roxio Shared\OEM\12.0\DLLShared\;C:\Program Files (x86)\Roxio\OEM\AudioCore\;C:\Program Files\MATLAB\R2014b\runtime\win64;C:\Program Files\MATLAB\R2014b\bin;C:\Program Files\MATLAB\R2013b\runtime\win64;C:\Program Files\MATLAB\R2013b\bin;C:\Program Files\MATLAB\R2012a\bin;C:\Program Files (x86)\Agilent\IO Libraries Suite\bin;C:\Program Files\Agilent\IO Libraries Suite\bin;C:\Program Files (x86)\IVI Foundation\VISA\WinNT\agvisa;C:\Program Files\IVI Foundation\VISA\Win64\agvisa;C:\Program Files (x86)\IVI Foundation\IVI\bin;C:\Program Files\IVI Foundation\IVI\bin;C:\Program Files (x86)\IVI Foundation\VISA\WinNT\Bin\;C:\Program Files\IVI Foundation\VISA\Win64\Bin\;C:\Program Files\Common Files\Autodesk Shared\;/cygdrive/d/mmips/lcc/lccdir
USERNAME=s125538
OS=Windows_NT
PROCESSOR_IDENTIFIER=Intel64 Family 6 Model 42 Stepping 7, GenuineIntel



---------------  S Y S T E M  ---------------

OS: Windows 7 , 64 bit Build 7601 Service Pack 1

CPU:total 8 (4 cores per cpu, 2 threads per core) family 6 model 42 stepping 7, cmov, cx8, fxsr, mmx, sse, sse2, sse3, ssse3, sse4.1, sse4.2, popcnt, avx, aes, ht, tsc, tscinvbit

Memory: 4k page, physical 8337772k(3548896k free), swap 16673680k(10655552k free)

vm_info: Java HotSpot(TM) 64-Bit Server VM (24.45-b08) for windows-amd64 JRE (1.7.0_45-b18), built on Oct  8 2013 05:47:22 by "java_re" with unknown MS VC++:1600

time: Thu Jan 08 17:24:03 2015
elapsed time: 4 seconds

