#
# A fatal error has been detected by the Java Runtime Environment:
#
#  EXCEPTION_ACCESS_VIOLATION (0xc0000005) at pc=0x00000000127908af, pid=9328, tid=1180
#
# JRE version: Java(TM) SE Runtime Environment (7.0_45-b18) (build 1.7.0_45-b18)
# Java VM: Java HotSpot(TM) 64-Bit Server VM (24.45-b08 mixed mode windows-amd64 compressed oops)
# Problematic frame:
# C  [atio6axx.dll+0xaf08af]
#
# Failed to write core dump. Minidumps are not enabled by default on client versions of Windows
#
# If you would like to submit a bug report, please visit:
#   http://bugreport.sun.com/bugreport/crash.jsp
# The crash happened outside the Java Virtual Machine in native code.
# See problematic frame for where to report the bug.
#

---------------  T H R E A D  ---------------

Current thread (0x0000000010f25000):  JavaThread "AWT-EventQueue-0" [_thread_in_native, id=1180, stack(0x0000000013df0000,0x0000000013ef0000)]

siginfo: ExceptionCode=0xc0000005, writing address 0x00000000000001c8

Registers:
RAX=0x0000000000000000, RBX=0x00000000140d0d80, RCX=0x00000000140abdc0, RDX=0x0000000000000008
RSP=0x0000000013eec040, RBP=0x0000000000000008, RSI=0x00000000140abdc0, RDI=0x0000000000000000
R8 =0x0000000000000000, R9 =0x0000000000000000, R10=0x00000000024e971b, R11=0x00000000faf8eed1
R12=0x00000000140abe40, R13=0x0000000000000000, R14=0x00000000140cfa18, R15=0x0000000000000000
RIP=0x00000000127908af, EFLAGS=0x0000000000010206

Top of Stack: (sp=0x0000000013eec040)
0x0000000013eec040:   00000000139cc5e0 0000000000000de1
0x0000000013eec050:   0000000000000003 0000000000000000
0x0000000013eec060:   00000000140abe40 00000000127d2913
0x0000000013eec070:   0000000013eec138 00000000140abdc0
0x0000000013eec080:   0000000000000de1 00000000ef797f14
0x0000000013eec090:   0000000000000000 00000000127ed45f
0x0000000013eec0a0:   0000000000000000 00000000024035c4
0x0000000013eec0b0:   0000000010f25000 0000000000000000
0x0000000013eec0c0:   00000000140abdc0 0000000000000008
0x0000000013eec0d0:   00000000023f60f8 00000000ef797f14
0x0000000013eec0e0:   0000000000000000 00000000127962b8
0x0000000013eec0f0:   00000000140abdc0 0000000013eec000
0x0000000013eec100:   0000000000000000 00000000140abdc0
0x0000000013eec110:   000000077c6b0e58 0000000000000000
0x0000000013eec120:   0000000000000008 000000001258f7cf
0x0000000013eec130:   00000000ef797f14 00000000023f60f8 

Instructions: (pc=0x00000000127908af)
0x000000001279088f:   83 c8 00 00 00 75 0d c6 84 24 b8 00 00 00 01 83
0x000000001279089f:   fd 03 74 08 44 88 bc 24 b8 00 00 00 48 8b 43 48
0x00000000127908af:   48 89 87 c8 01 00 00 48 8b 83 c0 00 00 00 48 39
0x00000000127908bf:   83 c8 00 00 00 74 0c 48 8b 8b 10 09 00 00 e8 4e 


Register to memory mapping:

RAX=0x0000000000000000 is an unknown value
RBX=0x00000000140d0d80 is an unknown value
RCX=0x00000000140abdc0 is an unknown value
RDX=0x0000000000000008 is an unknown value
RSP=0x0000000013eec040 is pointing into the stack for thread: 0x0000000010f25000
RBP=0x0000000000000008 is an unknown value
RSI=0x00000000140abdc0 is an unknown value
RDI=0x0000000000000000 is an unknown value
R8 =0x0000000000000000 is an unknown value
R9 =0x0000000000000000 is an unknown value
R10=0x00000000024e971b is at entry_point+59 in (nmethod*)0x00000000024e9550
R11=0x00000000faf8eed1 is an unknown value
R12=0x00000000140abe40 is an unknown value
R13=0x0000000000000000 is an unknown value
R14=0x00000000140cfa18 is an unknown value
R15=0x0000000000000000 is an unknown value


Stack: [0x0000000013df0000,0x0000000013ef0000],  sp=0x0000000013eec040,  free space=1008k
Native frames: (J=compiled Java code, j=interpreted, Vv=VM code, C=native code)
C  [atio6axx.dll+0xaf08af]

[error occurred during error reporting (printing native stack), id 0xc0000005]

Java frames: (J=compiled Java code, j=interpreted, Vv=VM code)
J  jogamp.opengl.gl4.GL4bcImpl.dispatch_glBegin1(IJ)V
J  jogamp.opengl.gl4.GL4bcImpl.glBegin(I)V
j  RobotRace$RaceTrack.TrackConstructor([[Lrobotrace/Vector;[ILjava/lang/Double;II)V+314
j  RobotRace$RaceTrack.draw(I)V+361
j  RobotRace.drawScene()V+305
j  robotrace.Base$GLEventDelegate.display(Ljavax/media/opengl/GLAutoDrawable;)V+80
j  jogamp.opengl.GLDrawableHelper.displayImpl(Ljavax/media/opengl/GLAutoDrawable;)V+81
j  jogamp.opengl.GLDrawableHelper.display(Ljavax/media/opengl/GLAutoDrawable;)V+2
j  javax.media.opengl.awt.GLJPanel$Updater.display(Ljavax/media/opengl/GLAutoDrawable;)V+200
j  javax.media.opengl.awt.GLJPanel$9.run()V+11
j  jogamp.opengl.GLDrawableHelper.invokeGLImpl(Ljavax/media/opengl/GLDrawable;Ljavax/media/opengl/GLContext;Ljava/lang/Runnable;Ljava/lang/Runnable;)V+203
j  jogamp.opengl.GLDrawableHelper.invokeGL(Ljavax/media/opengl/GLDrawable;Ljavax/media/opengl/GLContext;Ljava/lang/Runnable;Ljava/lang/Runnable;)V+72
j  javax.media.opengl.awt.GLJPanel$OffscreenBackend.doPaintComponent(Ljava/awt/Graphics;)V+29
j  javax.media.opengl.awt.GLJPanel.paintComponent(Ljava/awt/Graphics;)V+215
j  javax.swing.JComponent.paint(Ljava/awt/Graphics;)V+286
j  javax.swing.JComponent.paintChildren(Ljava/awt/Graphics;)V+501
j  javax.swing.JComponent.paint(Ljava/awt/Graphics;)V+318
j  javax.swing.JComponent.paintChildren(Ljava/awt/Graphics;)V+501
j  javax.swing.JComponent.paint(Ljava/awt/Graphics;)V+318
j  javax.swing.JLayeredPane.paint(Ljava/awt/Graphics;)V+73
j  javax.swing.JComponent.paintChildren(Ljava/awt/Graphics;)V+501
j  javax.swing.JComponent.paint(Ljava/awt/Graphics;)V+318
j  javax.swing.JComponent.paintToOffscreen(Ljava/awt/Graphics;IIIIII)V+41
j  javax.swing.RepaintManager$PaintManager.paintDoubleBuffered(Ljavax/swing/JComponent;Ljava/awt/Image;Ljava/awt/Graphics;IIII)V+163
j  javax.swing.RepaintManager$PaintManager.paint(Ljavax/swing/JComponent;Ljavax/swing/JComponent;Ljava/awt/Graphics;IIII)Z+116
j  javax.swing.RepaintManager.paint(Ljavax/swing/JComponent;Ljavax/swing/JComponent;Ljava/awt/Graphics;IIII)V+52
j  javax.swing.JComponent._paintImmediately(IIII)V+683
j  javax.swing.JComponent.paintImmediately(IIII)V+138
j  javax.swing.RepaintManager$3.run()Ljava/lang/Void;+75
j  javax.swing.RepaintManager$3.run()Ljava/lang/Object;+1
v  ~StubRoutines::call_stub
j  java.security.AccessController.doPrivileged(Ljava/security/PrivilegedAction;Ljava/security/AccessControlContext;)Ljava/lang/Object;+0
j  java.security.ProtectionDomain$1.doIntersectionPrivilege(Ljava/security/PrivilegedAction;Ljava/security/AccessControlContext;Ljava/security/AccessControlContext;)Ljava/lang/Object;+28
j  javax.swing.RepaintManager.paintDirtyRegions(Ljava/util/Map;)V+154
j  javax.swing.RepaintManager.paintDirtyRegions()V+46
j  javax.swing.RepaintManager.prePaintDirtyRegions()V+73
j  javax.swing.RepaintManager.access$1100(Ljavax/swing/RepaintManager;)V+1
j  javax.swing.RepaintManager$ProcessingRunnable.run()V+37
j  java.awt.event.InvocationEvent.dispatch()V+47
j  java.awt.EventQueue.dispatchEventImpl(Ljava/awt/AWTEvent;Ljava/lang/Object;)V+21
j  java.awt.EventQueue.access$200(Ljava/awt/EventQueue;Ljava/awt/AWTEvent;Ljava/lang/Object;)V+3
j  java.awt.EventQueue$3.run()Ljava/lang/Void;+12
j  java.awt.EventQueue$3.run()Ljava/lang/Object;+1
v  ~StubRoutines::call_stub
j  java.security.AccessController.doPrivileged(Ljava/security/PrivilegedAction;Ljava/security/AccessControlContext;)Ljava/lang/Object;+0
j  java.security.ProtectionDomain$1.doIntersectionPrivilege(Ljava/security/PrivilegedAction;Ljava/security/AccessControlContext;Ljava/security/AccessControlContext;)Ljava/lang/Object;+28
j  java.awt.EventQueue.dispatchEvent(Ljava/awt/AWTEvent;)V+46
j  java.awt.EventDispatchThread.pumpOneEventForFilters(I)V+245
j  java.awt.EventDispatchThread.pumpEventsForFilter(ILjava/awt/Conditional;Ljava/awt/EventFilter;)V+35
j  java.awt.EventDispatchThread.pumpEventsForHierarchy(ILjava/awt/Conditional;Ljava/awt/Component;)V+11
j  java.awt.EventDispatchThread.pumpEvents(ILjava/awt/Conditional;)V+4
j  java.awt.EventDispatchThread.pumpEvents(Ljava/awt/Conditional;)V+3
j  java.awt.EventDispatchThread.run()V+9
v  ~StubRoutines::call_stub

---------------  P R O C E S S  ---------------

Java Threads: ( => current thread )
  0x0000000019b9e000 JavaThread "TimerQueue" daemon [_thread_blocked, id=11048, stack(0x000000001c670000,0x000000001c770000)]
  0x0000000010de1000 JavaThread "D3D Screen Updater" daemon [_thread_blocked, id=9648, stack(0x0000000015bb0000,0x0000000015cb0000)]
  0x000000000224f800 JavaThread "DestroyJavaVM" [_thread_blocked, id=11168, stack(0x00000000022f0000,0x00000000023f0000)]
  0x0000000010dd6000 JavaThread "main-FPSAWTAnimator#00-Timer0" [_thread_blocked, id=2020, stack(0x00000000158c0000,0x00000000159c0000)]
=>0x0000000010f25000 JavaThread "AWT-EventQueue-0" [_thread_in_native, id=1180, stack(0x0000000013df0000,0x0000000013ef0000)]
  0x0000000010f22800 JavaThread "AWT-Shutdown" [_thread_blocked, id=4788, stack(0x000000000e640000,0x000000000e740000)]
  0x0000000010cc2000 JavaThread "main-SharedResourceRunner" daemon [_thread_blocked, id=8836, stack(0x000000000e770000,0x000000000e870000)]
  0x000000000c330800 JavaThread "AWT-Windows" daemon [_thread_in_native, id=10400, stack(0x000000000e090000,0x000000000e190000)]
  0x000000000c386000 JavaThread "Java2D Disposer" daemon [_thread_blocked, id=9448, stack(0x0000000006440000,0x0000000006540000)]
  0x000000000c258000 JavaThread "Service Thread" daemon [_thread_blocked, id=9424, stack(0x000000000dd30000,0x000000000de30000)]
  0x000000000b09b800 JavaThread "C2 CompilerThread1" daemon [_thread_blocked, id=9256, stack(0x000000000da80000,0x000000000db80000)]
  0x000000000b097000 JavaThread "C2 CompilerThread0" daemon [_thread_blocked, id=8392, stack(0x000000000d970000,0x000000000da70000)]
  0x000000000b096000 JavaThread "Attach Listener" daemon [_thread_blocked, id=1304, stack(0x000000000d7b0000,0x000000000d8b0000)]
  0x000000000b095800 JavaThread "Signal Dispatcher" daemon [_thread_blocked, id=2688, stack(0x000000000d310000,0x000000000d410000)]
  0x000000000b086800 JavaThread "Finalizer" daemon [_thread_blocked, id=10092, stack(0x000000000d5a0000,0x000000000d6a0000)]
  0x000000000218a000 JavaThread "Reference Handler" daemon [_thread_blocked, id=6252, stack(0x000000000d450000,0x000000000d550000)]

Other Threads:
  0x000000000b07b800 VMThread [stack: 0x000000000d1e0000,0x000000000d2e0000] [id=7152]
  0x000000000b09f800 WatcherThread [stack: 0x000000000de50000,0x000000000df50000] [id=10728]

VM state:not at safepoint (normal execution)

VM Mutex/Monitor currently owned by a thread: None

Heap
 PSYoungGen      total 38400K, used 33622K [0x00000007d5900000, 0x00000007d8380000, 0x0000000800000000)
  eden space 33280K, 85% used [0x00000007d5900000,0x00000007d74ef7d8,0x00000007d7980000)
  from space 5120K, 97% used [0x00000007d7980000,0x00000007d7e66288,0x00000007d7e80000)
  to   space 5120K, 0% used [0x00000007d7e80000,0x00000007d7e80000,0x00000007d8380000)
 ParOldGen       total 86528K, used 0K [0x0000000780c00000, 0x0000000786080000, 0x00000007d5900000)
  object space 86528K, 0% used [0x0000000780c00000,0x0000000780c00000,0x0000000786080000)
 PSPermGen       total 21504K, used 19270K [0x000000077ba00000, 0x000000077cf00000, 0x0000000780c00000)
  object space 21504K, 89% used [0x000000077ba00000,0x000000077ccd19f8,0x000000077cf00000)

Card table byte_map: [0x00000000054b0000,0x00000000058e0000] byte_map_base: 0x00000000018d3000

Polling page: 0x0000000000440000

Code Cache  [0x00000000023f0000, 0x0000000002660000, 0x00000000053f0000)
 total_blobs=1033 nmethods=160 adapters=825 free_code_cache=47956Kb largest_free_block=49056704

Compilation events (10 events):
Event: 4.012 Thread 0x000000000b09b800 nmethod 155 0x000000000250f790 code [0x000000000250f8e0, 0x000000000250f9d8]
Event: 4.020 Thread 0x000000000b097000  156             java.lang.Number::<init> (5 bytes)
Event: 4.021 Thread 0x000000000b097000 nmethod 156 0x000000000250f590 code [0x000000000250f6c0, 0x000000000250f718]
Event: 4.023 Thread 0x000000000b09b800  157             java.lang.Double::valueOf (9 bytes)
Event: 4.023 Thread 0x000000000b097000  158             java.lang.Double::<init> (10 bytes)
Event: 4.023 Thread 0x000000000b097000 nmethod 158 0x000000000250f390 code [0x000000000250f4c0, 0x000000000250f518]
Event: 4.023 Thread 0x000000000b09b800 nmethod 157 0x000000000250f110 code [0x000000000250f260, 0x000000000250f2f8]
Event: 4.032 Thread 0x000000000b097000  159             robotrace.Vector::length (33 bytes)
Event: 4.032 Thread 0x000000000b097000 nmethod 159 0x000000000250ef10 code [0x000000000250f040, 0x000000000250f0b8]
Event: 4.038 Thread 0x000000000b09b800  160             RobotRace$RaceTrack::straight (26 bytes)

GC Heap History (2 events):
Event: 2.168 GC heap before
{Heap before GC invocations=1 (full 0):
 PSYoungGen      total 38400K, used 33280K [0x00000007d5900000, 0x00000007d8380000, 0x0000000800000000)
  eden space 33280K, 100% used [0x00000007d5900000,0x00000007d7980000,0x00000007d7980000)
  from space 5120K, 0% used [0x00000007d7e80000,0x00000007d7e80000,0x00000007d8380000)
  to   space 5120K, 0% used [0x00000007d7980000,0x00000007d7980000,0x00000007d7e80000)
 ParOldGen       total 86528K, used 0K [0x0000000780c00000, 0x0000000786080000, 0x00000007d5900000)
  object space 86528K, 0% used [0x0000000780c00000,0x0000000780c00000,0x0000000786080000)
 PSPermGen       total 21504K, used 14694K [0x000000077ba00000, 0x000000077cf00000, 0x0000000780c00000)
  object space 21504K, 68% used [0x000000077ba00000,0x000000077c859bb0,0x000000077cf00000)
Event: 2.181 GC heap after
Heap after GC invocations=1 (full 0):
 PSYoungGen      total 38400K, used 5016K [0x00000007d5900000, 0x00000007d8380000, 0x0000000800000000)
  eden space 33280K, 0% used [0x00000007d5900000,0x00000007d5900000,0x00000007d7980000)
  from space 5120K, 97% used [0x00000007d7980000,0x00000007d7e66288,0x00000007d7e80000)
  to   space 5120K, 0% used [0x00000007d7e80000,0x00000007d7e80000,0x00000007d8380000)
 ParOldGen       total 86528K, used 0K [0x0000000780c00000, 0x0000000786080000, 0x00000007d5900000)
  object space 86528K, 0% used [0x0000000780c00000,0x0000000780c00000,0x0000000786080000)
 PSPermGen       total 21504K, used 14694K [0x000000077ba00000, 0x000000077cf00000, 0x0000000780c00000)
  object space 21504K, 68% used [0x000000077ba00000,0x000000077c859bb0,0x000000077cf00000)
}

Deoptimization events (4 events):
Event: 1.924 Thread 0x0000000010cc2000 Uncommon trap: reason=unreached action=reinterpret pc=0x00000000024aa344 method=java.lang.Class.searchFields([Ljava/lang/reflect/Field;Ljava/lang/String;)Ljava/lang/reflect/Field; @ 23
Event: 3.472 Thread 0x0000000010f25000 Uncommon trap: reason=class_check action=maybe_recompile pc=0x000000000246793c method=java.lang.String.equals(Ljava/lang/Object;)Z @ 8
Event: 3.472 Thread 0x0000000010f25000 Uncommon trap: reason=class_check action=maybe_recompile pc=0x000000000246793c method=java.lang.String.equals(Ljava/lang/Object;)Z @ 8
Event: 3.472 Thread 0x0000000010f25000 Uncommon trap: reason=class_check action=maybe_recompile pc=0x000000000246793c method=java.lang.String.equals(Ljava/lang/Object;)Z @ 8

Internal exceptions (10 events):
Event: 2.792 Thread 0x0000000010f25000 Threw 0x00000007d62474a0 at C:\re\jdk7u45\229\hotspot\src\share\vm\prims\jvm.cpp:1244
Event: 2.793 Thread 0x0000000010f25000 Threw 0x00000007d624c420 at C:\re\jdk7u45\229\hotspot\src\share\vm\prims\jvm.cpp:1244
Event: 2.794 Thread 0x0000000010f25000 Threw 0x00000007d624ef58 at C:\re\jdk7u45\229\hotspot\src\share\vm\prims\jni.cpp:717
Event: 2.810 Thread 0x0000000010f25000 Threw 0x00000007d6364d88 at C:\re\jdk7u45\229\hotspot\src\share\vm\prims\jni.cpp:717
Event: 2.820 Thread 0x0000000010f25000 Threw 0x00000007d6478f58 at C:\re\jdk7u45\229\hotspot\src\share\vm\prims\jni.cpp:717
Event: 2.851 Thread 0x0000000010f25000 Threw 0x00000007d68923a0 at C:\re\jdk7u45\229\hotspot\src\share\vm\prims\jvm.cpp:1244
Event: 2.864 Thread 0x0000000010f25000 Threw 0x00000007d689e040 at C:\re\jdk7u45\229\hotspot\src\share\vm\prims\jvm.cpp:1244
Event: 2.878 Thread 0x0000000010f25000 Threw 0x00000007d68cb138 at C:\re\jdk7u45\229\hotspot\src\share\vm\prims\jvm.cpp:1244
Event: 2.880 Thread 0x0000000010f25000 Threw 0x00000007d68cf0f8 at C:\re\jdk7u45\229\hotspot\src\share\vm\prims\jvm.cpp:1244
Event: 2.881 Thread 0x0000000010f25000 Threw 0x00000007d68d3178 at C:\re\jdk7u45\229\hotspot\src\share\vm\prims\jvm.cpp:1244

Events (10 events):
Event: 3.658 loading class 0x00000000112372d0
Event: 3.658 loading class 0x0000000010f75610
Event: 3.658 loading class 0x0000000010f75610 done
Event: 3.658 loading class 0x00000000112372d0 done
Event: 3.997 loading class 0x000000000c336440
Event: 3.997 loading class 0x000000000c336440 done
Event: 3.997 loading class 0x0000000010cd0280
Event: 3.997 loading class 0x0000000010cd0280 done
Event: 3.999 loading class 0x0000000011235c10
Event: 3.999 loading class 0x0000000011235c10 done


Dynamic libraries:
0x000000013ff50000 - 0x000000013ff83000 	C:\Program Files\Java\jdk1.7.0_45\jre\bin\java.exe
0x0000000076f70000 - 0x0000000077119000 	C:\Windows\SYSTEM32\ntdll.dll
0x0000000076e50000 - 0x0000000076f6f000 	C:\Windows\system32\kernel32.dll
0x000007fefd670000 - 0x000007fefd6dc000 	C:\Windows\system32\KERNELBASE.dll
0x0000000074750000 - 0x00000000747e6000 	C:\Windows\System32\SYSFER.DLL
0x000007fefeae0000 - 0x000007fefebbb000 	C:\Windows\system32\ADVAPI32.dll
0x000007fefd930000 - 0x000007fefd9cf000 	C:\Windows\system32\msvcrt.dll
0x000007fefdd30000 - 0x000007fefdd4f000 	C:\Windows\SYSTEM32\sechost.dll
0x000007fefd9d0000 - 0x000007fefdafd000 	C:\Windows\system32\RPCRT4.dll
0x0000000076870000 - 0x000000007696a000 	C:\Windows\system32\USER32.dll
0x000007fefebc0000 - 0x000007fefec27000 	C:\Windows\system32\GDI32.dll
0x000007fefd840000 - 0x000007fefd84e000 	C:\Windows\system32\LPK.dll
0x000007fefdbc0000 - 0x000007fefdc89000 	C:\Windows\system32\USP10.dll
0x000007fefb990000 - 0x000007fefbb84000 	C:\Windows\WinSxS\amd64_microsoft.windows.common-controls_6595b64144ccf1df_6.0.7601.17514_none_fa396087175ac9ac\COMCTL32.dll
0x000007fefef20000 - 0x000007fefef91000 	C:\Windows\system32\SHLWAPI.dll
0x000007fefdb00000 - 0x000007fefdb2e000 	C:\Windows\system32\IMM32.DLL
0x000007fefec30000 - 0x000007fefed39000 	C:\Windows\system32\MSCTF.dll
0x0000000054a70000 - 0x0000000054b42000 	C:\Program Files\Java\jdk1.7.0_45\jre\bin\msvcr100.dll
0x000000006e5b0000 - 0x000000006ed79000 	C:\Program Files\Java\jdk1.7.0_45\jre\bin\server\jvm.dll
0x000007fefa5a0000 - 0x000007fefa5a9000 	C:\Windows\system32\WSOCK32.dll
0x000007feff000000 - 0x000007feff04d000 	C:\Windows\system32\WS2_32.dll
0x000007fefdbb0000 - 0x000007fefdbb8000 	C:\Windows\system32\NSI.dll
0x000007fefbb90000 - 0x000007fefbbcb000 	C:\Windows\system32\WINMM.dll
0x0000000077140000 - 0x0000000077147000 	C:\Windows\system32\PSAPI.DLL
0x0000000074620000 - 0x000000007462f000 	C:\Program Files\Java\jdk1.7.0_45\jre\bin\verify.dll
0x000000005a0c0000 - 0x000000005a0e8000 	C:\Program Files\Java\jdk1.7.0_45\jre\bin\java.dll
0x0000000062b80000 - 0x0000000062b95000 	C:\Program Files\Java\jdk1.7.0_45\jre\bin\zip.dll
0x00000000548d0000 - 0x0000000054a65000 	C:\Program Files\Java\jdk1.7.0_45\jre\bin\awt.dll
0x000007fefd850000 - 0x000007fefd927000 	C:\Windows\system32\OLEAUT32.dll
0x000007feff070000 - 0x000007feff273000 	C:\Windows\system32\ole32.dll
0x000007fefb8e0000 - 0x000007fefb936000 	C:\Windows\system32\uxtheme.dll
0x0000000180000000 - 0x0000000180028000 	C:\Program Files\COMODO\Unite\SystemMenuHook.dll
0x000007fefb500000 - 0x000007fefb518000 	C:\Windows\system32\dwmapi.dll
0x000007fefd300000 - 0x000007fefd30f000 	C:\Windows\system32\CRYPTBASE.dll
0x000007fefdd50000 - 0x000007fefead8000 	C:\Windows\system32\SHELL32.dll
0x0000000059c70000 - 0x0000000059cb6000 	C:\Program Files\Java\jdk1.7.0_45\jre\bin\fontmanager.dll
0x000007fee65b0000 - 0x000007fee67af000 	C:\Windows\system32\d3d9.dll
0x000007fefc520000 - 0x000007fefc52c000 	C:\Windows\system32\VERSION.dll
0x000007feed200000 - 0x000007feed207000 	C:\Windows\system32\d3d8thk.dll
0x0000000067a80000 - 0x0000000067b34000 	C:\Windows\system32\aticfx64.dll
0x000007feeace0000 - 0x000007feeaced000 	C:\Windows\system32\atiu9p64.dll
0x0000000050200000 - 0x000000005071a000 	C:\Windows\system32\atiumd64.dll
0x0000000050910000 - 0x0000000050c3c000 	C:\Windows\system32\atiumd6a.dll
0x000007fefcca0000 - 0x000007fefccb8000 	C:\Windows\system32\CRYPTSP.dll
0x000007fefc9a0000 - 0x000007fefc9e7000 	C:\Windows\system32\rsaenh.dll
0x000007fefc710000 - 0x000007fefc72e000 	C:\Windows\system32\USERENV.dll
0x000007fefd3d0000 - 0x000007fefd3df000 	C:\Windows\system32\profapi.dll
0x0000000064d40000 - 0x0000000064d59000 	C:\Program Files\Java\jdk1.7.0_45\jre\bin\net.dll
0x000007fefcc40000 - 0x000007fefcc95000 	C:\Windows\system32\mswsock.dll
0x000007fefcc30000 - 0x000007fefcc37000 	C:\Windows\System32\wship6.dll
0x000007fefaad0000 - 0x000007fefaae5000 	C:\Windows\system32\NLAapi.dll
0x000007fef0c60000 - 0x000007fef0c75000 	C:\Windows\system32\napinsp.dll
0x000007fef0c40000 - 0x000007fef0c59000 	C:\Windows\system32\pnrpnsp.dll
0x000007fefcac0000 - 0x000007fefcb1b000 	C:\Windows\system32\DNSAPI.dll
0x000007fef1220000 - 0x000007fef122b000 	C:\Windows\System32\winrnr.dll
0x0000000016080000 - 0x00000000160ae000 	C:\Program Files\Agilent\IO Libraries Suite\LxiMdnsNsp.dll
0x000007fefa520000 - 0x000007fefa547000 	C:\Windows\system32\Iphlpapi.DLL
0x000007fefa510000 - 0x000007fefa51b000 	C:\Windows\system32\WINNSI.DLL
0x0000000063560000 - 0x0000000063569000 	C:\Program Files\National Instruments\Shared\mDNS Responder\nimdnsNSP.dll
0x0000000063550000 - 0x000000006355c000 	C:\Windows\system32\nimdnsResponder.dll
0x000000006f780000 - 0x000000006f823000 	C:\Windows\WinSxS\amd64_microsoft.vc90.crt_1fc8b3b9a1e18e3b_9.0.30729.6161_none_08e61857a83bc251\MSVCR90.dll
0x000007fef0c30000 - 0x000007fef0c40000 	C:\Windows\system32\wshbth.dll
0x000007fefc5f0000 - 0x000007fefc5f7000 	C:\Windows\System32\wshtcpip.dll
0x000007fef1790000 - 0x000007fef1798000 	C:\Windows\system32\rasadhlp.dll
0x000007fefa270000 - 0x000007fefa2c3000 	C:\Windows\System32\fwpuclnt.dll
0x0000000062610000 - 0x0000000062621000 	C:\Program Files\Java\jdk1.7.0_45\jre\bin\nio.dll
0x000007fefd2a0000 - 0x000007fefd2f7000 	C:\Windows\system32\apphelp.dll
0x00000000637c0000 - 0x00000000637cd000 	C:\Users\s125538\AppData\Local\Temp\jogamp_0000\file_cache\jln7053407632405208047\jln5343878493757081349\gluegen-rt.dll
0x00000000744c0000 - 0x00000000744c7000 	C:\Program Files\Java\jdk1.7.0_45\jre\bin\jawt.dll
0x000000006a440000 - 0x000000006a44d000 	C:\Users\s125538\AppData\Local\Temp\jogamp_0000\file_cache\jln7053407632405208047\jln5343878493757081349\nativewindow_awt.dll
0x000000006c100000 - 0x000000006c10f000 	C:\Users\s125538\AppData\Local\Temp\jogamp_0000\file_cache\jln7053407632405208047\jln5343878493757081349\nativewindow_win32.dll
0x000007feea490000 - 0x000007feea5ad000 	C:\Windows\system32\OpenGL32.dll
0x000007fefa820000 - 0x000007fefa84d000 	C:\Windows\system32\GLU32.dll
0x000007fee9970000 - 0x000007fee9a61000 	C:\Windows\system32\DDRAW.dll
0x000007fefa8f0000 - 0x000007fefa8f8000 	C:\Windows\system32\DCIMAN32.dll
0x000007fefed40000 - 0x000007fefef17000 	C:\Windows\system32\SETUPAPI.dll
0x000007fefd630000 - 0x000007fefd666000 	C:\Windows\system32\CFGMGR32.dll
0x000007fefd780000 - 0x000007fefd79a000 	C:\Windows\system32\DEVOBJ.dll
0x0000000064500000 - 0x00000000645a2000 	C:\Users\s125538\AppData\Local\Temp\jogamp_0000\file_cache\jln7053407632405208047\jln5343878493757081349\jogl_desktop.dll
0x000007fefa8e0000 - 0x000007fefa8e8000 	C:\Windows\system32\atig6pxx.dll
0x0000000011ca0000 - 0x0000000013251000 	C:\Windows\system32\atio6axx.dll
0x0000000002250000 - 0x00000000022ab000 	C:\Windows\system32\atiadlxx.dll
0x000007fefc500000 - 0x000007fefc511000 	C:\Windows\system32\WTSAPI32.dll
0x000007fefd5f0000 - 0x000007fefd62b000 	C:\Windows\system32\WINTRUST.dll
0x000007fefd480000 - 0x000007fefd5ed000 	C:\Windows\system32\CRYPT32.dll
0x000007fefd470000 - 0x000007fefd47f000 	C:\Windows\system32\MSASN1.dll
0x000007fefa870000 - 0x000007fefa87e000 	C:\Windows\system32\atig6txx.dll
0x0000000059c20000 - 0x0000000059c61000 	C:\Program Files\Java\jdk1.7.0_45\jre\bin\t2k.dll
0x00000000622a0000 - 0x00000000622ca000 	C:\Program Files\Java\jdk1.7.0_45\jre\bin\dcpr.dll
0x000007feef960000 - 0x000007feefa85000 	C:\Windows\system32\dbghelp.dll

VM Arguments:
jvm_args: -Dfile.encoding=UTF-8 
java_command: RobotRace
Launcher Type: SUN_STANDARD

Environment Variables:
PATH=C:\Windows\system32;C:\Windows;C:\Windows\System32\Wbem;C:\Windows\System32\WindowsPowerShell\v1.0\;C:\Program Files (x86)\ATI Technologies\ATI.ACE\Core-Static;C:\Program Files\WIDCOMM\Bluetooth Software\;C:\Program Files\WIDCOMM\Bluetooth Software\syswow64;C:\Program Files (x86)\Common Files\Roxio Shared\DLLShared\;C:\Program Files (x86)\Common Files\Roxio Shared\OEM\DLLShared\;C:\Program Files (x86)\Common Files\Roxio Shared\OEM\DLLShared\;C:\Program Files (x86)\Common Files\Roxio Shared\OEM\12.0\DLLShared\;C:\Program Files (x86)\Roxio\OEM\AudioCore\;C:\Program Files\MATLAB\R2014b\runtime\win64;C:\Program Files\MATLAB\R2014b\bin;C:\Program Files\MATLAB\R2013b\runtime\win64;C:\Program Files\MATLAB\R2013b\bin;C:\Program Files\MATLAB\R2012a\bin;C:\Program Files (x86)\Agilent\IO Libraries Suite\bin;C:\Program Files\Agilent\IO Libraries Suite\bin;C:\Program Files (x86)\IVI Foundation\VISA\WinNT\agvisa;C:\Program Files\IVI Foundation\VISA\Win64\agvisa;C:\Program Files (x86)\IVI Foundation\IVI\bin;C:\Program Files\IVI Foundation\IVI\bin;C:\Program Files (x86)\IVI Foundation\VISA\WinNT\Bin\;C:\Program Files\IVI Foundation\VISA\Win64\Bin\;C:\Program Files\Common Files\Autodesk Shared\;/cygdrive/d/mmips/lcc/lccdir
USERNAME=s125538
OS=Windows_NT
PROCESSOR_IDENTIFIER=Intel64 Family 6 Model 42 Stepping 7, GenuineIntel



---------------  S Y S T E M  ---------------

OS: Windows 7 , 64 bit Build 7601 Service Pack 1

CPU:total 8 (4 cores per cpu, 2 threads per core) family 6 model 42 stepping 7, cmov, cx8, fxsr, mmx, sse, sse2, sse3, ssse3, sse4.1, sse4.2, popcnt, avx, aes, ht, tsc, tscinvbit

Memory: 4k page, physical 8337772k(3478972k free), swap 16673680k(10604332k free)

vm_info: Java HotSpot(TM) 64-Bit Server VM (24.45-b08) for windows-amd64 JRE (1.7.0_45-b18), built on Oct  8 2013 05:47:22 by "java_re" with unknown MS VC++:1600

time: Thu Jan 08 17:49:17 2015
elapsed time: 4 seconds

